{"/home/i4ybrid/development/trip-planner/backend/src/services/activity.service.ts": {"path":"/home/i4ybrid/development/trip-planner/backend/src/services/activity.service.ts","all":false,"statementMap":{"0":{"start":{"line":1,"column":0},"end":{"line":1,"column":62}},"1":{"start":{"line":2,"column":0},"end":{"line":2,"column":0}},"2":{"start":{"line":3,"column":0},"end":{"line":3,"column":31}},"3":{"start":{"line":4,"column":0},"end":{"line":4,"column":0}},"4":{"start":{"line":5,"column":0},"end":{"line":5,"column":31}},"5":{"start":{"line":6,"column":0},"end":{"line":6,"column":16}},"6":{"start":{"line":7,"column":0},"end":{"line":7,"column":11}},"7":{"start":{"line":8,"column":0},"end":{"line":8,"column":16}},"8":{"start":{"line":9,"column":0},"end":{"line":9,"column":15}},"9":{"start":{"line":10,"column":0},"end":{"line":10,"column":14}},"10":{"start":{"line":11,"column":0},"end":{"line":11,"column":12}},"11":{"start":{"line":12,"column":0},"end":{"line":12,"column":0}},"12":{"start":{"line":13,"column":0},"end":{"line":13,"column":58}},"13":{"start":{"line":14,"column":0},"end":{"line":14,"column":0}},"14":{"start":{"line":15,"column":0},"end":{"line":15,"column":38}},"15":{"start":{"line":16,"column":0},"end":{"line":16,"column":17}},"16":{"start":{"line":17,"column":0},"end":{"line":17,"column":16}},"17":{"start":{"line":18,"column":0},"end":{"line":18,"column":23}},"18":{"start":{"line":19,"column":0},"end":{"line":19,"column":20}},"19":{"start":{"line":20,"column":0},"end":{"line":20,"column":19}},"20":{"start":{"line":21,"column":0},"end":{"line":21,"column":17}},"21":{"start":{"line":22,"column":0},"end":{"line":22,"column":16}},"22":{"start":{"line":23,"column":0},"end":{"line":23,"column":20}},"23":{"start":{"line":24,"column":0},"end":{"line":24,"column":29}},"24":{"start":{"line":25,"column":0},"end":{"line":25,"column":21}},"25":{"start":{"line":26,"column":0},"end":{"line":26,"column":22}},"26":{"start":{"line":27,"column":0},"end":{"line":27,"column":1}},"27":{"start":{"line":28,"column":0},"end":{"line":28,"column":0}},"28":{"start":{"line":29,"column":0},"end":{"line":29,"column":38}},"29":{"start":{"line":30,"column":0},"end":{"line":30,"column":17}},"30":{"start":{"line":31,"column":0},"end":{"line":31,"column":23}},"31":{"start":{"line":32,"column":0},"end":{"line":32,"column":20}},"32":{"start":{"line":33,"column":0},"end":{"line":33,"column":19}},"33":{"start":{"line":34,"column":0},"end":{"line":34,"column":17}},"34":{"start":{"line":35,"column":0},"end":{"line":35,"column":16}},"35":{"start":{"line":36,"column":0},"end":{"line":36,"column":20}},"36":{"start":{"line":37,"column":0},"end":{"line":37,"column":22}},"37":{"start":{"line":38,"column":0},"end":{"line":38,"column":1}},"38":{"start":{"line":39,"column":0},"end":{"line":39,"column":0}},"39":{"start":{"line":40,"column":0},"end":{"line":40,"column":30}},"40":{"start":{"line":41,"column":0},"end":{"line":41,"column":46}},"41":{"start":{"line":42,"column":0},"end":{"line":42,"column":0}},"42":{"start":{"line":43,"column":0},"end":{"line":43,"column":70}},"43":{"start":{"line":44,"column":0},"end":{"line":44,"column":40}},"44":{"start":{"line":45,"column":0},"end":{"line":45,"column":13}},"45":{"start":{"line":46,"column":0},"end":{"line":46,"column":28}},"46":{"start":{"line":47,"column":0},"end":{"line":47,"column":26}},"47":{"start":{"line":48,"column":0},"end":{"line":48,"column":38}},"48":{"start":{"line":49,"column":0},"end":{"line":49,"column":32}},"49":{"start":{"line":50,"column":0},"end":{"line":50,"column":34}},"50":{"start":{"line":51,"column":0},"end":{"line":51,"column":30}},"51":{"start":{"line":52,"column":0},"end":{"line":52,"column":51}},"52":{"start":{"line":53,"column":0},"end":{"line":53,"column":41}},"53":{"start":{"line":54,"column":0},"end":{"line":54,"column":32}},"54":{"start":{"line":55,"column":0},"end":{"line":55,"column":36}},"55":{"start":{"line":56,"column":0},"end":{"line":56,"column":40}},"56":{"start":{"line":57,"column":0},"end":{"line":57,"column":23}},"57":{"start":{"line":58,"column":0},"end":{"line":58,"column":8}},"58":{"start":{"line":59,"column":0},"end":{"line":59,"column":7}},"59":{"start":{"line":60,"column":0},"end":{"line":60,"column":3}},"60":{"start":{"line":61,"column":0},"end":{"line":61,"column":0}},"61":{"start":{"line":62,"column":0},"end":{"line":62,"column":71}},"62":{"start":{"line":63,"column":0},"end":{"line":63,"column":44}},"63":{"start":{"line":64,"column":0},"end":{"line":64,"column":32}},"64":{"start":{"line":65,"column":0},"end":{"line":65,"column":16}},"65":{"start":{"line":66,"column":0},"end":{"line":66,"column":20}},"66":{"start":{"line":67,"column":0},"end":{"line":67,"column":23}},"67":{"start":{"line":68,"column":0},"end":{"line":68,"column":8}},"68":{"start":{"line":69,"column":0},"end":{"line":69,"column":7}},"69":{"start":{"line":70,"column":0},"end":{"line":70,"column":3}},"70":{"start":{"line":71,"column":0},"end":{"line":71,"column":0}},"71":{"start":{"line":72,"column":0},"end":{"line":72,"column":64}},"72":{"start":{"line":73,"column":0},"end":{"line":73,"column":42}},"73":{"start":{"line":74,"column":0},"end":{"line":74,"column":24}},"74":{"start":{"line":75,"column":0},"end":{"line":75,"column":16}},"75":{"start":{"line":76,"column":0},"end":{"line":76,"column":20}},"76":{"start":{"line":77,"column":0},"end":{"line":77,"column":23}},"77":{"start":{"line":78,"column":0},"end":{"line":78,"column":8}},"78":{"start":{"line":79,"column":0},"end":{"line":79,"column":37}},"79":{"start":{"line":80,"column":0},"end":{"line":80,"column":7}},"80":{"start":{"line":81,"column":0},"end":{"line":81,"column":3}},"81":{"start":{"line":82,"column":0},"end":{"line":82,"column":0}},"82":{"start":{"line":83,"column":0},"end":{"line":83,"column":90}},"83":{"start":{"line":84,"column":0},"end":{"line":84,"column":40}},"84":{"start":{"line":85,"column":0},"end":{"line":85,"column":34}},"85":{"start":{"line":86,"column":0},"end":{"line":86,"column":61}},"86":{"start":{"line":87,"column":0},"end":{"line":87,"column":5}},"87":{"start":{"line":88,"column":0},"end":{"line":88,"column":4}},"88":{"start":{"line":89,"column":0},"end":{"line":89,"column":40}},"89":{"start":{"line":90,"column":0},"end":{"line":90,"column":32}},"90":{"start":{"line":91,"column":0},"end":{"line":91,"column":23}},"91":{"start":{"line":92,"column":0},"end":{"line":92,"column":7}},"92":{"start":{"line":93,"column":0},"end":{"line":93,"column":3}},"93":{"start":{"line":94,"column":0},"end":{"line":94,"column":0}},"94":{"start":{"line":95,"column":0},"end":{"line":95,"column":86}},"95":{"start":{"line":96,"column":0},"end":{"line":96,"column":40}},"96":{"start":{"line":97,"column":0},"end":{"line":97,"column":32}},"97":{"start":{"line":98,"column":0},"end":{"line":98,"column":29}},"98":{"start":{"line":99,"column":0},"end":{"line":99,"column":7}},"99":{"start":{"line":100,"column":0},"end":{"line":100,"column":3}},"100":{"start":{"line":101,"column":0},"end":{"line":101,"column":0}},"101":{"start":{"line":102,"column":0},"end":{"line":102,"column":60}},"102":{"start":{"line":103,"column":0},"end":{"line":103,"column":40}},"103":{"start":{"line":104,"column":0},"end":{"line":104,"column":32}},"104":{"start":{"line":105,"column":0},"end":{"line":105,"column":33}},"105":{"start":{"line":106,"column":0},"end":{"line":106,"column":7}},"106":{"start":{"line":107,"column":0},"end":{"line":107,"column":3}},"107":{"start":{"line":108,"column":0},"end":{"line":108,"column":0}},"108":{"start":{"line":109,"column":0},"end":{"line":109,"column":61}},"109":{"start":{"line":110,"column":0},"end":{"line":110,"column":40}},"110":{"start":{"line":111,"column":0},"end":{"line":111,"column":32}},"111":{"start":{"line":112,"column":0},"end":{"line":112,"column":33}},"112":{"start":{"line":113,"column":0},"end":{"line":113,"column":7}},"113":{"start":{"line":114,"column":0},"end":{"line":114,"column":3}},"114":{"start":{"line":115,"column":0},"end":{"line":115,"column":0}},"115":{"start":{"line":116,"column":0},"end":{"line":116,"column":60}},"116":{"start":{"line":117,"column":0},"end":{"line":117,"column":60}},"117":{"start":{"line":118,"column":0},"end":{"line":118,"column":32}},"118":{"start":{"line":119,"column":0},"end":{"line":119,"column":7}},"119":{"start":{"line":120,"column":0},"end":{"line":120,"column":0}},"120":{"start":{"line":121,"column":0},"end":{"line":121,"column":50}},"121":{"start":{"line":122,"column":0},"end":{"line":122,"column":19}},"122":{"start":{"line":123,"column":0},"end":{"line":123,"column":5}},"123":{"start":{"line":124,"column":0},"end":{"line":124,"column":0}},"124":{"start":{"line":125,"column":0},"end":{"line":125,"column":70}},"125":{"start":{"line":126,"column":0},"end":{"line":126,"column":19}},"126":{"start":{"line":127,"column":0},"end":{"line":127,"column":5}},"127":{"start":{"line":128,"column":0},"end":{"line":128,"column":0}},"128":{"start":{"line":129,"column":0},"end":{"line":129,"column":16}},"129":{"start":{"line":130,"column":0},"end":{"line":130,"column":3}},"130":{"start":{"line":131,"column":0},"end":{"line":131,"column":0}},"131":{"start":{"line":132,"column":0},"end":{"line":132,"column":110}},"132":{"start":{"line":133,"column":0},"end":{"line":133,"column":60}},"133":{"start":{"line":134,"column":0},"end":{"line":134,"column":32}},"134":{"start":{"line":135,"column":0},"end":{"line":135,"column":7}},"135":{"start":{"line":136,"column":0},"end":{"line":136,"column":0}},"136":{"start":{"line":137,"column":0},"end":{"line":137,"column":50}},"137":{"start":{"line":138,"column":0},"end":{"line":138,"column":51}},"138":{"start":{"line":139,"column":0},"end":{"line":139,"column":5}},"139":{"start":{"line":140,"column":0},"end":{"line":140,"column":0}},"140":{"start":{"line":141,"column":0},"end":{"line":141,"column":70}},"141":{"start":{"line":142,"column":0},"end":{"line":142,"column":61}},"142":{"start":{"line":143,"column":0},"end":{"line":143,"column":41}},"143":{"start":{"line":144,"column":0},"end":{"line":144,"column":44}},"144":{"start":{"line":145,"column":0},"end":{"line":145,"column":5}},"145":{"start":{"line":146,"column":0},"end":{"line":146,"column":0}},"146":{"start":{"line":147,"column":0},"end":{"line":147,"column":49}},"147":{"start":{"line":148,"column":0},"end":{"line":148,"column":3}},"148":{"start":{"line":149,"column":0},"end":{"line":149,"column":0}},"149":{"start":{"line":150,"column":0},"end":{"line":150,"column":53}},"150":{"start":{"line":151,"column":0},"end":{"line":151,"column":42}},"151":{"start":{"line":152,"column":0},"end":{"line":152,"column":14}},"152":{"start":{"line":153,"column":0},"end":{"line":153,"column":23}},"153":{"start":{"line":154,"column":0},"end":{"line":154,"column":23}},"154":{"start":{"line":155,"column":0},"end":{"line":155,"column":25}},"155":{"start":{"line":156,"column":0},"end":{"line":156,"column":10}},"156":{"start":{"line":157,"column":0},"end":{"line":157,"column":8}},"157":{"start":{"line":158,"column":0},"end":{"line":158,"column":7}},"158":{"start":{"line":159,"column":0},"end":{"line":159,"column":3}},"159":{"start":{"line":160,"column":0},"end":{"line":160,"column":0}},"160":{"start":{"line":161,"column":0},"end":{"line":161,"column":48}},"161":{"start":{"line":162,"column":0},"end":{"line":162,"column":64}},"162":{"start":{"line":163,"column":0},"end":{"line":163,"column":4}},"163":{"start":{"line":164,"column":0},"end":{"line":164,"column":47}},"164":{"start":{"line":165,"column":0},"end":{"line":165,"column":52}},"165":{"start":{"line":166,"column":0},"end":{"line":166,"column":5}},"166":{"start":{"line":167,"column":0},"end":{"line":167,"column":0}},"167":{"start":{"line":168,"column":0},"end":{"line":168,"column":36}},"168":{"start":{"line":169,"column":0},"end":{"line":169,"column":3}},"169":{"start":{"line":170,"column":0},"end":{"line":170,"column":0}},"170":{"start":{"line":171,"column":0},"end":{"line":171,"column":59}},"171":{"start":{"line":172,"column":0},"end":{"line":172,"column":39}},"172":{"start":{"line":173,"column":0},"end":{"line":173,"column":32}},"173":{"start":{"line":174,"column":0},"end":{"line":174,"column":7}},"174":{"start":{"line":175,"column":0},"end":{"line":175,"column":3}},"175":{"start":{"line":176,"column":0},"end":{"line":176,"column":0}},"176":{"start":{"line":177,"column":0},"end":{"line":177,"column":81}},"177":{"start":{"line":178,"column":0},"end":{"line":178,"column":60}},"178":{"start":{"line":179,"column":0},"end":{"line":179,"column":14}},"179":{"start":{"line":180,"column":0},"end":{"line":180,"column":50}},"180":{"start":{"line":181,"column":0},"end":{"line":181,"column":8}},"181":{"start":{"line":182,"column":0},"end":{"line":182,"column":7}},"182":{"start":{"line":183,"column":0},"end":{"line":183,"column":0}},"183":{"start":{"line":184,"column":0},"end":{"line":184,"column":23}},"184":{"start":{"line":185,"column":0},"end":{"line":185,"column":38}},"185":{"start":{"line":186,"column":0},"end":{"line":186,"column":39}},"186":{"start":{"line":187,"column":0},"end":{"line":187,"column":25}},"187":{"start":{"line":188,"column":0},"end":{"line":188,"column":9}},"188":{"start":{"line":189,"column":0},"end":{"line":189,"column":5}},"189":{"start":{"line":190,"column":0},"end":{"line":190,"column":0}},"190":{"start":{"line":191,"column":0},"end":{"line":191,"column":36}},"191":{"start":{"line":192,"column":0},"end":{"line":192,"column":13}},"192":{"start":{"line":193,"column":0},"end":{"line":193,"column":19}},"193":{"start":{"line":194,"column":0},"end":{"line":194,"column":15}},"194":{"start":{"line":195,"column":0},"end":{"line":195,"column":15}},"195":{"start":{"line":196,"column":0},"end":{"line":196,"column":8}},"196":{"start":{"line":197,"column":0},"end":{"line":197,"column":7}},"197":{"start":{"line":198,"column":0},"end":{"line":198,"column":3}},"198":{"start":{"line":199,"column":0},"end":{"line":199,"column":0}},"199":{"start":{"line":200,"column":0},"end":{"line":200,"column":71}},"200":{"start":{"line":201,"column":0},"end":{"line":201,"column":35}},"201":{"start":{"line":202,"column":0},"end":{"line":202,"column":14}},"202":{"start":{"line":203,"column":0},"end":{"line":203,"column":50}},"203":{"start":{"line":204,"column":0},"end":{"line":204,"column":8}},"204":{"start":{"line":205,"column":0},"end":{"line":205,"column":7}},"205":{"start":{"line":206,"column":0},"end":{"line":206,"column":3}},"206":{"start":{"line":207,"column":0},"end":{"line":207,"column":0}},"207":{"start":{"line":208,"column":0},"end":{"line":208,"column":76}},"208":{"start":{"line":209,"column":0},"end":{"line":209,"column":51}},"209":{"start":{"line":210,"column":0},"end":{"line":210,"column":28}},"210":{"start":{"line":211,"column":0},"end":{"line":211,"column":7}},"211":{"start":{"line":212,"column":0},"end":{"line":212,"column":0}},"212":{"start":{"line":213,"column":0},"end":{"line":213,"column":46}},"213":{"start":{"line":214,"column":0},"end":{"line":214,"column":29}},"214":{"start":{"line":215,"column":0},"end":{"line":215,"column":59}},"215":{"start":{"line":216,"column":0},"end":{"line":216,"column":7}},"216":{"start":{"line":217,"column":0},"end":{"line":217,"column":0}},"217":{"start":{"line":218,"column":0},"end":{"line":218,"column":18}},"218":{"start":{"line":219,"column":0},"end":{"line":219,"column":3}},"219":{"start":{"line":220,"column":0},"end":{"line":220,"column":0}},"220":{"start":{"line":221,"column":0},"end":{"line":221,"column":70}},"221":{"start":{"line":222,"column":0},"end":{"line":222,"column":56}},"222":{"start":{"line":223,"column":0},"end":{"line":223,"column":4}},"223":{"start":{"line":224,"column":0},"end":{"line":224,"column":43}},"224":{"start":{"line":225,"column":0},"end":{"line":225,"column":18}},"225":{"start":{"line":226,"column":0},"end":{"line":226,"column":5}},"226":{"start":{"line":227,"column":0},"end":{"line":227,"column":0}},"227":{"start":{"line":228,"column":0},"end":{"line":228,"column":51}},"228":{"start":{"line":229,"column":0},"end":{"line":229,"column":25}},"229":{"start":{"line":230,"column":0},"end":{"line":230,"column":9}},"230":{"start":{"line":231,"column":0},"end":{"line":231,"column":3}},"231":{"start":{"line":232,"column":0},"end":{"line":232,"column":0}},"232":{"start":{"line":233,"column":0},"end":{"line":233,"column":79}},"233":{"start":{"line":234,"column":0},"end":{"line":234,"column":40}},"234":{"start":{"line":235,"column":0},"end":{"line":235,"column":14}},"235":{"start":{"line":236,"column":0},"end":{"line":236,"column":50}},"236":{"start":{"line":237,"column":0},"end":{"line":237,"column":8}},"237":{"start":{"line":238,"column":0},"end":{"line":238,"column":7}},"238":{"start":{"line":239,"column":0},"end":{"line":239,"column":3}},"239":{"start":{"line":240,"column":0},"end":{"line":240,"column":0}},"240":{"start":{"line":241,"column":0},"end":{"line":241,"column":72}},"241":{"start":{"line":242,"column":0},"end":{"line":242,"column":60}},"242":{"start":{"line":243,"column":0},"end":{"line":243,"column":25}},"243":{"start":{"line":244,"column":0},"end":{"line":244,"column":3}},"244":{"start":{"line":245,"column":0},"end":{"line":245,"column":0}},"245":{"start":{"line":246,"column":0},"end":{"line":246,"column":117}},"246":{"start":{"line":247,"column":0},"end":{"line":247,"column":60}},"247":{"start":{"line":248,"column":0},"end":{"line":248,"column":4}},"248":{"start":{"line":249,"column":0},"end":{"line":249,"column":20}},"249":{"start":{"line":250,"column":0},"end":{"line":250,"column":44}},"250":{"start":{"line":251,"column":0},"end":{"line":251,"column":5}},"251":{"start":{"line":252,"column":0},"end":{"line":252,"column":0}},"252":{"start":{"line":253,"column":0},"end":{"line":253,"column":39}},"253":{"start":{"line":254,"column":0},"end":{"line":254,"column":52}},"254":{"start":{"line":255,"column":0},"end":{"line":255,"column":5}},"255":{"start":{"line":256,"column":0},"end":{"line":256,"column":0}},"256":{"start":{"line":257,"column":0},"end":{"line":257,"column":59}},"257":{"start":{"line":258,"column":0},"end":{"line":258,"column":38}},"258":{"start":{"line":259,"column":0},"end":{"line":259,"column":63}},"259":{"start":{"line":260,"column":0},"end":{"line":260,"column":5}},"260":{"start":{"line":261,"column":0},"end":{"line":261,"column":0}},"261":{"start":{"line":262,"column":0},"end":{"line":262,"column":54}},"262":{"start":{"line":263,"column":0},"end":{"line":263,"column":13}},"263":{"start":{"line":264,"column":0},"end":{"line":264,"column":32}},"264":{"start":{"line":265,"column":0},"end":{"line":265,"column":32}},"265":{"start":{"line":266,"column":0},"end":{"line":266,"column":33}},"266":{"start":{"line":267,"column":0},"end":{"line":267,"column":24}},"267":{"start":{"line":268,"column":0},"end":{"line":268,"column":28}},"268":{"start":{"line":269,"column":0},"end":{"line":269,"column":59}},"269":{"start":{"line":270,"column":0},"end":{"line":270,"column":8}},"270":{"start":{"line":271,"column":0},"end":{"line":271,"column":7}},"271":{"start":{"line":272,"column":0},"end":{"line":272,"column":0}},"272":{"start":{"line":273,"column":0},"end":{"line":273,"column":40}},"273":{"start":{"line":274,"column":0},"end":{"line":274,"column":0}},"274":{"start":{"line":275,"column":0},"end":{"line":275,"column":19}},"275":{"start":{"line":276,"column":0},"end":{"line":276,"column":3}},"276":{"start":{"line":277,"column":0},"end":{"line":277,"column":1}}},"s":{"0":1,"1":1,"2":1,"3":1,"4":1,"5":1,"6":1,"7":1,"8":1,"9":1,"10":1,"11":1,"12":1,"13":1,"14":1,"15":1,"16":1,"17":1,"18":1,"19":1,"20":1,"21":1,"22":1,"23":1,"24":1,"25":1,"26":1,"27":1,"28":1,"29":1,"30":1,"31":1,"32":1,"33":1,"34":1,"35":1,"36":1,"37":1,"38":1,"39":1,"40":1,"41":1,"42":1,"43":1,"44":1,"45":1,"46":1,"47":1,"48":1,"49":1,"50":1,"51":1,"52":1,"53":1,"54":1,"55":1,"56":1,"57":1,"58":1,"59":1,"60":1,"61":1,"62":4,"63":4,"64":4,"65":4,"66":4,"67":4,"68":4,"69":4,"70":1,"71":1,"72":1,"73":1,"74":1,"75":1,"76":1,"77":1,"78":1,"79":1,"80":1,"81":1,"82":1,"83":0,"84":0,"85":0,"86":0,"87":0,"88":0,"89":0,"90":0,"91":0,"92":0,"93":1,"94":1,"95":1,"96":1,"97":1,"98":1,"99":1,"100":1,"101":1,"102":1,"103":1,"104":1,"105":1,"106":1,"107":1,"108":1,"109":1,"110":1,"111":1,"112":1,"113":1,"114":1,"115":1,"116":4,"117":4,"118":4,"119":4,"120":4,"121":1,"122":1,"123":3,"124":4,"125":1,"126":1,"127":2,"128":2,"129":4,"130":1,"131":1,"132":2,"133":2,"134":2,"135":2,"136":2,"137":0,"138":0,"139":2,"140":2,"141":1,"142":1,"143":1,"144":1,"145":1,"146":1,"147":2,"148":1,"149":1,"150":1,"151":1,"152":1,"153":1,"154":1,"155":1,"156":1,"157":1,"158":1,"159":1,"160":1,"161":0,"162":0,"163":0,"164":0,"165":0,"166":0,"167":0,"168":0,"169":1,"170":1,"171":1,"172":1,"173":1,"174":1,"175":1,"176":1,"177":2,"178":2,"179":2,"180":2,"181":2,"182":2,"183":2,"184":1,"185":1,"186":1,"187":1,"188":1,"189":1,"190":1,"191":1,"192":1,"193":1,"194":1,"195":1,"196":1,"197":2,"198":1,"199":1,"200":1,"201":1,"202":1,"203":1,"204":1,"205":1,"206":1,"207":1,"208":8,"209":8,"210":8,"211":8,"212":8,"213":8,"214":14,"215":8,"216":8,"217":8,"218":8,"219":1,"220":1,"221":6,"222":6,"223":6,"224":1,"225":1,"226":5,"227":5,"228":3,"229":5,"230":6,"231":1,"232":1,"233":2,"234":2,"235":2,"236":2,"237":2,"238":2,"239":1,"240":1,"241":2,"242":2,"243":2,"244":1,"245":1,"246":4,"247":4,"248":4,"249":1,"250":1,"251":3,"252":4,"253":1,"254":1,"255":2,"256":2,"257":4,"258":1,"259":1,"260":1,"261":1,"262":1,"263":1,"264":1,"265":1,"266":1,"267":1,"268":4,"269":4,"270":4,"271":1,"272":1,"273":1,"274":1,"275":4,"276":1},"branchMap":{"0":{"type":"branch","line":41,"loc":{"start":{"line":41,"column":2},"end":{"line":41,"column":46}},"locations":[{"start":{"line":41,"column":2},"end":{"line":41,"column":46}}]},"1":{"type":"branch","line":43,"loc":{"start":{"line":43,"column":2},"end":{"line":60,"column":3}},"locations":[{"start":{"line":43,"column":2},"end":{"line":60,"column":3}}]},"2":{"type":"branch","line":52,"loc":{"start":{"line":52,"column":42},"end":{"line":52,"column":51}},"locations":[{"start":{"line":52,"column":42},"end":{"line":52,"column":51}}]},"3":{"type":"branch","line":62,"loc":{"start":{"line":62,"column":2},"end":{"line":70,"column":3}},"locations":[{"start":{"line":62,"column":2},"end":{"line":70,"column":3}}]},"4":{"type":"branch","line":72,"loc":{"start":{"line":72,"column":2},"end":{"line":81,"column":3}},"locations":[{"start":{"line":72,"column":2},"end":{"line":81,"column":3}}]},"5":{"type":"branch","line":95,"loc":{"start":{"line":95,"column":2},"end":{"line":100,"column":3}},"locations":[{"start":{"line":95,"column":2},"end":{"line":100,"column":3}}]},"6":{"type":"branch","line":102,"loc":{"start":{"line":102,"column":2},"end":{"line":107,"column":3}},"locations":[{"start":{"line":102,"column":2},"end":{"line":107,"column":3}}]},"7":{"type":"branch","line":109,"loc":{"start":{"line":109,"column":2},"end":{"line":114,"column":3}},"locations":[{"start":{"line":109,"column":2},"end":{"line":114,"column":3}}]},"8":{"type":"branch","line":116,"loc":{"start":{"line":116,"column":2},"end":{"line":130,"column":3}},"locations":[{"start":{"line":116,"column":2},"end":{"line":130,"column":3}}]},"9":{"type":"branch","line":121,"loc":{"start":{"line":121,"column":49},"end":{"line":123,"column":5}},"locations":[{"start":{"line":121,"column":49},"end":{"line":123,"column":5}}]},"10":{"type":"branch","line":123,"loc":{"start":{"line":123,"column":4},"end":{"line":125,"column":33}},"locations":[{"start":{"line":123,"column":4},"end":{"line":125,"column":33}}]},"11":{"type":"branch","line":125,"loc":{"start":{"line":125,"column":17},"end":{"line":125,"column":69}},"locations":[{"start":{"line":125,"column":17},"end":{"line":125,"column":69}}]},"12":{"type":"branch","line":125,"loc":{"start":{"line":125,"column":69},"end":{"line":127,"column":5}},"locations":[{"start":{"line":125,"column":69},"end":{"line":127,"column":5}}]},"13":{"type":"branch","line":127,"loc":{"start":{"line":127,"column":4},"end":{"line":129,"column":16}},"locations":[{"start":{"line":127,"column":4},"end":{"line":129,"column":16}}]},"14":{"type":"branch","line":132,"loc":{"start":{"line":132,"column":2},"end":{"line":148,"column":3}},"locations":[{"start":{"line":132,"column":2},"end":{"line":148,"column":3}}]},"15":{"type":"branch","line":137,"loc":{"start":{"line":137,"column":49},"end":{"line":139,"column":5}},"locations":[{"start":{"line":137,"column":49},"end":{"line":139,"column":5}}]},"16":{"type":"branch","line":141,"loc":{"start":{"line":141,"column":17},"end":{"line":141,"column":69}},"locations":[{"start":{"line":141,"column":17},"end":{"line":141,"column":69}}]},"17":{"type":"branch","line":141,"loc":{"start":{"line":141,"column":69},"end":{"line":147,"column":49}},"locations":[{"start":{"line":141,"column":69},"end":{"line":147,"column":49}}]},"18":{"type":"branch","line":150,"loc":{"start":{"line":150,"column":2},"end":{"line":159,"column":3}},"locations":[{"start":{"line":150,"column":2},"end":{"line":159,"column":3}}]},"19":{"type":"branch","line":171,"loc":{"start":{"line":171,"column":2},"end":{"line":175,"column":3}},"locations":[{"start":{"line":171,"column":2},"end":{"line":175,"column":3}}]},"20":{"type":"branch","line":177,"loc":{"start":{"line":177,"column":2},"end":{"line":198,"column":3}},"locations":[{"start":{"line":177,"column":2},"end":{"line":198,"column":3}}]},"21":{"type":"branch","line":184,"loc":{"start":{"line":184,"column":22},"end":{"line":197,"column":7}},"locations":[{"start":{"line":184,"column":22},"end":{"line":197,"column":7}}]},"22":{"type":"branch","line":200,"loc":{"start":{"line":200,"column":2},"end":{"line":206,"column":3}},"locations":[{"start":{"line":200,"column":2},"end":{"line":206,"column":3}}]},"23":{"type":"branch","line":208,"loc":{"start":{"line":208,"column":2},"end":{"line":219,"column":3}},"locations":[{"start":{"line":208,"column":2},"end":{"line":219,"column":3}}]},"24":{"type":"branch","line":214,"loc":{"start":{"line":214,"column":18},"end":{"line":216,"column":5}},"locations":[{"start":{"line":214,"column":18},"end":{"line":216,"column":5}}]},"25":{"type":"branch","line":215,"loc":{"start":{"line":215,"column":47},"end":{"line":215,"column":57}},"locations":[{"start":{"line":215,"column":47},"end":{"line":215,"column":57}}]},"26":{"type":"branch","line":221,"loc":{"start":{"line":221,"column":2},"end":{"line":231,"column":3}},"locations":[{"start":{"line":221,"column":2},"end":{"line":231,"column":3}}]},"27":{"type":"branch","line":224,"loc":{"start":{"line":224,"column":42},"end":{"line":226,"column":5}},"locations":[{"start":{"line":224,"column":42},"end":{"line":226,"column":5}}]},"28":{"type":"branch","line":226,"loc":{"start":{"line":226,"column":4},"end":{"line":230,"column":9}},"locations":[{"start":{"line":226,"column":4},"end":{"line":230,"column":9}}]},"29":{"type":"branch","line":228,"loc":{"start":{"line":228,"column":41},"end":{"line":229,"column":25}},"locations":[{"start":{"line":228,"column":41},"end":{"line":229,"column":25}}]},"30":{"type":"branch","line":229,"loc":{"start":{"line":229,"column":16},"end":{"line":229,"column":24}},"locations":[{"start":{"line":229,"column":16},"end":{"line":229,"column":24}}]},"31":{"type":"branch","line":233,"loc":{"start":{"line":233,"column":2},"end":{"line":239,"column":3}},"locations":[{"start":{"line":233,"column":2},"end":{"line":239,"column":3}}]},"32":{"type":"branch","line":241,"loc":{"start":{"line":241,"column":2},"end":{"line":244,"column":3}},"locations":[{"start":{"line":241,"column":2},"end":{"line":244,"column":3}}]},"33":{"type":"branch","line":246,"loc":{"start":{"line":246,"column":2},"end":{"line":276,"column":3}},"locations":[{"start":{"line":246,"column":2},"end":{"line":276,"column":3}}]},"34":{"type":"branch","line":249,"loc":{"start":{"line":249,"column":19},"end":{"line":251,"column":5}},"locations":[{"start":{"line":249,"column":19},"end":{"line":251,"column":5}}]},"35":{"type":"branch","line":251,"loc":{"start":{"line":251,"column":4},"end":{"line":253,"column":38}},"locations":[{"start":{"line":251,"column":4},"end":{"line":253,"column":38}}]},"36":{"type":"branch","line":253,"loc":{"start":{"line":253,"column":38},"end":{"line":255,"column":5}},"locations":[{"start":{"line":253,"column":38},"end":{"line":255,"column":5}}]},"37":{"type":"branch","line":255,"loc":{"start":{"line":255,"column":4},"end":{"line":258,"column":37}},"locations":[{"start":{"line":255,"column":4},"end":{"line":258,"column":37}}]},"38":{"type":"branch","line":258,"loc":{"start":{"line":258,"column":37},"end":{"line":269,"column":55}},"locations":[{"start":{"line":258,"column":37},"end":{"line":269,"column":55}}]},"39":{"type":"branch","line":269,"loc":{"start":{"line":269,"column":47},"end":{"line":269,"column":56}},"locations":[{"start":{"line":269,"column":47},"end":{"line":269,"column":56}}]},"40":{"type":"branch","line":271,"loc":{"start":{"line":271,"column":5},"end":{"line":275,"column":19}},"locations":[{"start":{"line":271,"column":5},"end":{"line":275,"column":19}}]}},"b":{"0":[25],"1":[1],"2":[0],"3":[4],"4":[1],"5":[1],"6":[1],"7":[1],"8":[4],"9":[1],"10":[3],"11":[2],"12":[1],"13":[2],"14":[2],"15":[0],"16":[1],"17":[1],"18":[1],"19":[1],"20":[2],"21":[1],"22":[1],"23":[8],"24":[14],"25":[10],"26":[6],"27":[1],"28":[5],"29":[3],"30":[0],"31":[2],"32":[2],"33":[4],"34":[1],"35":[3],"36":[1],"37":[2],"38":[1],"39":[0],"40":[1]},"fnMap":{"0":{"name":"ActivityService","decl":{"start":{"line":41,"column":2},"end":{"line":41,"column":46}},"loc":{"start":{"line":41,"column":2},"end":{"line":41,"column":46}},"line":41},"1":{"name":"createActivity","decl":{"start":{"line":43,"column":2},"end":{"line":60,"column":3}},"loc":{"start":{"line":43,"column":2},"end":{"line":60,"column":3}},"line":43},"2":{"name":"getActivityById","decl":{"start":{"line":62,"column":2},"end":{"line":70,"column":3}},"loc":{"start":{"line":62,"column":2},"end":{"line":70,"column":3}},"line":62},"3":{"name":"getTripActivities","decl":{"start":{"line":72,"column":2},"end":{"line":81,"column":3}},"loc":{"start":{"line":72,"column":2},"end":{"line":81,"column":3}},"line":72},"4":{"name":"updateActivity","decl":{"start":{"line":83,"column":2},"end":{"line":93,"column":3}},"loc":{"start":{"line":83,"column":2},"end":{"line":93,"column":3}},"line":83},"5":{"name":"setVotingDeadline","decl":{"start":{"line":95,"column":2},"end":{"line":100,"column":3}},"loc":{"start":{"line":95,"column":2},"end":{"line":100,"column":3}},"line":95},"6":{"name":"closeVoting","decl":{"start":{"line":102,"column":2},"end":{"line":107,"column":3}},"loc":{"start":{"line":102,"column":2},"end":{"line":107,"column":3}},"line":102},"7":{"name":"markAsBooked","decl":{"start":{"line":109,"column":2},"end":{"line":114,"column":3}},"loc":{"start":{"line":109,"column":2},"end":{"line":114,"column":3}},"line":109},"8":{"name":"isVotingOpen","decl":{"start":{"line":116,"column":2},"end":{"line":130,"column":3}},"loc":{"start":{"line":116,"column":2},"end":{"line":130,"column":3}},"line":116},"9":{"name":"processVotingDeadline","decl":{"start":{"line":132,"column":2},"end":{"line":148,"column":3}},"loc":{"start":{"line":132,"column":2},"end":{"line":148,"column":3}},"line":132},"10":{"name":"getExpiredActivities","decl":{"start":{"line":150,"column":2},"end":{"line":159,"column":3}},"loc":{"start":{"line":150,"column":2},"end":{"line":159,"column":3}},"line":150},"11":{"name":"processAllDeadlines","decl":{"start":{"line":161,"column":2},"end":{"line":169,"column":3}},"loc":{"start":{"line":161,"column":2},"end":{"line":169,"column":3}},"line":161},"12":{"name":"deleteActivity","decl":{"start":{"line":171,"column":2},"end":{"line":175,"column":3}},"loc":{"start":{"line":171,"column":2},"end":{"line":175,"column":3}},"line":171},"13":{"name":"vote","decl":{"start":{"line":177,"column":2},"end":{"line":198,"column":3}},"loc":{"start":{"line":177,"column":2},"end":{"line":198,"column":3}},"line":177},"14":{"name":"removeVote","decl":{"start":{"line":200,"column":2},"end":{"line":206,"column":3}},"loc":{"start":{"line":200,"column":2},"end":{"line":206,"column":3}},"line":200},"15":{"name":"getVoteCounts","decl":{"start":{"line":208,"column":2},"end":{"line":219,"column":3}},"loc":{"start":{"line":208,"column":2},"end":{"line":219,"column":3}},"line":208},"16":{"name":"getWinningOption","decl":{"start":{"line":221,"column":2},"end":{"line":231,"column":3}},"loc":{"start":{"line":221,"column":2},"end":{"line":231,"column":3}},"line":221},"17":{"name":"getUserVote","decl":{"start":{"line":233,"column":2},"end":{"line":239,"column":3}},"loc":{"start":{"line":233,"column":2},"end":{"line":239,"column":3}},"line":233},"18":{"name":"hasVoted","decl":{"start":{"line":241,"column":2},"end":{"line":244,"column":3}},"loc":{"start":{"line":241,"column":2},"end":{"line":244,"column":3}},"line":241},"19":{"name":"createBookingFromWinner","decl":{"start":{"line":246,"column":2},"end":{"line":276,"column":3}},"loc":{"start":{"line":246,"column":2},"end":{"line":276,"column":3}},"line":246}},"f":{"0":25,"1":1,"2":4,"3":1,"4":0,"5":1,"6":1,"7":1,"8":4,"9":2,"10":1,"11":0,"12":1,"13":2,"14":1,"15":8,"16":6,"17":2,"18":2,"19":4}}
,"/home/i4ybrid/development/trip-planner/backend/src/services/media.service.ts": {"path":"/home/i4ybrid/development/trip-planner/backend/src/services/media.service.ts","all":false,"statementMap":{"0":{"start":{"line":1,"column":0},"end":{"line":1,"column":57}},"1":{"start":{"line":2,"column":0},"end":{"line":2,"column":0}},"2":{"start":{"line":3,"column":0},"end":{"line":3,"column":26}},"3":{"start":{"line":4,"column":0},"end":{"line":4,"column":0}},"4":{"start":{"line":5,"column":0},"end":{"line":5,"column":35}},"5":{"start":{"line":6,"column":0},"end":{"line":6,"column":17}},"6":{"start":{"line":7,"column":0},"end":{"line":7,"column":21}},"7":{"start":{"line":8,"column":0},"end":{"line":8,"column":26}},"8":{"start":{"line":9,"column":0},"end":{"line":9,"column":14}},"9":{"start":{"line":10,"column":0},"end":{"line":10,"column":24}},"10":{"start":{"line":11,"column":0},"end":{"line":11,"column":22}},"11":{"start":{"line":12,"column":0},"end":{"line":12,"column":19}},"12":{"start":{"line":13,"column":0},"end":{"line":13,"column":1}},"13":{"start":{"line":14,"column":0},"end":{"line":14,"column":0}},"14":{"start":{"line":15,"column":0},"end":{"line":15,"column":35}},"15":{"start":{"line":16,"column":0},"end":{"line":16,"column":19}},"16":{"start":{"line":17,"column":0},"end":{"line":17,"column":1}},"17":{"start":{"line":18,"column":0},"end":{"line":18,"column":0}},"18":{"start":{"line":19,"column":0},"end":{"line":19,"column":27}},"19":{"start":{"line":20,"column":0},"end":{"line":20,"column":46}},"20":{"start":{"line":21,"column":0},"end":{"line":21,"column":0}},"21":{"start":{"line":22,"column":0},"end":{"line":22,"column":66}},"22":{"start":{"line":23,"column":0},"end":{"line":23,"column":41}},"23":{"start":{"line":24,"column":0},"end":{"line":24,"column":13}},"24":{"start":{"line":25,"column":0},"end":{"line":25,"column":29}},"25":{"start":{"line":26,"column":0},"end":{"line":26,"column":37}},"26":{"start":{"line":27,"column":0},"end":{"line":27,"column":25}},"27":{"start":{"line":28,"column":0},"end":{"line":28,"column":23}},"28":{"start":{"line":29,"column":0},"end":{"line":29,"column":41}},"29":{"start":{"line":30,"column":0},"end":{"line":30,"column":37}},"30":{"start":{"line":31,"column":0},"end":{"line":31,"column":31}},"31":{"start":{"line":32,"column":0},"end":{"line":32,"column":8}},"32":{"start":{"line":33,"column":0},"end":{"line":33,"column":7}},"33":{"start":{"line":34,"column":0},"end":{"line":34,"column":3}},"34":{"start":{"line":35,"column":0},"end":{"line":35,"column":0}},"35":{"start":{"line":36,"column":0},"end":{"line":36,"column":66}},"36":{"start":{"line":37,"column":0},"end":{"line":37,"column":45}},"37":{"start":{"line":38,"column":0},"end":{"line":38,"column":29}},"38":{"start":{"line":39,"column":0},"end":{"line":39,"column":16}},"39":{"start":{"line":40,"column":0},"end":{"line":40,"column":19}},"40":{"start":{"line":41,"column":0},"end":{"line":41,"column":60}},"41":{"start":{"line":42,"column":0},"end":{"line":42,"column":10}},"42":{"start":{"line":43,"column":0},"end":{"line":43,"column":8}},"43":{"start":{"line":44,"column":0},"end":{"line":44,"column":7}},"44":{"start":{"line":45,"column":0},"end":{"line":45,"column":3}},"45":{"start":{"line":46,"column":0},"end":{"line":46,"column":0}},"46":{"start":{"line":47,"column":0},"end":{"line":47,"column":86}},"47":{"start":{"line":48,"column":0},"end":{"line":48,"column":43}},"48":{"start":{"line":49,"column":0},"end":{"line":49,"column":14}},"49":{"start":{"line":50,"column":0},"end":{"line":50,"column":15}},"50":{"start":{"line":51,"column":0},"end":{"line":51,"column":34}},"51":{"start":{"line":52,"column":0},"end":{"line":52,"column":8}},"52":{"start":{"line":53,"column":0},"end":{"line":53,"column":16}},"53":{"start":{"line":54,"column":0},"end":{"line":54,"column":19}},"54":{"start":{"line":55,"column":0},"end":{"line":55,"column":60}},"55":{"start":{"line":56,"column":0},"end":{"line":56,"column":10}},"56":{"start":{"line":57,"column":0},"end":{"line":57,"column":8}},"57":{"start":{"line":58,"column":0},"end":{"line":58,"column":37}},"58":{"start":{"line":59,"column":0},"end":{"line":59,"column":7}},"59":{"start":{"line":60,"column":0},"end":{"line":60,"column":3}},"60":{"start":{"line":61,"column":0},"end":{"line":61,"column":0}},"61":{"start":{"line":62,"column":0},"end":{"line":62,"column":83}},"62":{"start":{"line":63,"column":0},"end":{"line":63,"column":41}},"63":{"start":{"line":64,"column":0},"end":{"line":64,"column":29}},"64":{"start":{"line":65,"column":0},"end":{"line":65,"column":18}},"65":{"start":{"line":66,"column":0},"end":{"line":66,"column":7}},"66":{"start":{"line":67,"column":0},"end":{"line":67,"column":3}},"67":{"start":{"line":68,"column":0},"end":{"line":68,"column":0}},"68":{"start":{"line":69,"column":0},"end":{"line":69,"column":69}},"69":{"start":{"line":70,"column":0},"end":{"line":70,"column":58}},"70":{"start":{"line":71,"column":0},"end":{"line":71,"column":29}},"71":{"start":{"line":72,"column":0},"end":{"line":72,"column":7}},"72":{"start":{"line":73,"column":0},"end":{"line":73,"column":0}},"73":{"start":{"line":74,"column":0},"end":{"line":74,"column":17}},"74":{"start":{"line":75,"column":0},"end":{"line":75,"column":41}},"75":{"start":{"line":76,"column":0},"end":{"line":76,"column":5}},"76":{"start":{"line":77,"column":0},"end":{"line":77,"column":0}},"77":{"start":{"line":78,"column":0},"end":{"line":78,"column":59}},"78":{"start":{"line":79,"column":0},"end":{"line":79,"column":14}},"79":{"start":{"line":80,"column":0},"end":{"line":80,"column":29}},"80":{"start":{"line":81,"column":0},"end":{"line":81,"column":15}},"81":{"start":{"line":82,"column":0},"end":{"line":82,"column":46}},"82":{"start":{"line":83,"column":0},"end":{"line":83,"column":8}},"83":{"start":{"line":84,"column":0},"end":{"line":84,"column":7}},"84":{"start":{"line":85,"column":0},"end":{"line":85,"column":0}},"85":{"start":{"line":86,"column":0},"end":{"line":86,"column":49}},"86":{"start":{"line":87,"column":0},"end":{"line":87,"column":61}},"87":{"start":{"line":88,"column":0},"end":{"line":88,"column":5}},"88":{"start":{"line":89,"column":0},"end":{"line":89,"column":0}},"89":{"start":{"line":90,"column":0},"end":{"line":90,"column":40}},"90":{"start":{"line":91,"column":0},"end":{"line":91,"column":29}},"91":{"start":{"line":92,"column":0},"end":{"line":92,"column":7}},"92":{"start":{"line":93,"column":0},"end":{"line":93,"column":3}},"93":{"start":{"line":94,"column":0},"end":{"line":94,"column":0}},"94":{"start":{"line":95,"column":0},"end":{"line":95,"column":68}},"95":{"start":{"line":96,"column":0},"end":{"line":96,"column":43}},"96":{"start":{"line":97,"column":0},"end":{"line":97,"column":28}},"97":{"start":{"line":98,"column":0},"end":{"line":98,"column":16}},"98":{"start":{"line":99,"column":0},"end":{"line":99,"column":19}},"99":{"start":{"line":100,"column":0},"end":{"line":100,"column":60}},"100":{"start":{"line":101,"column":0},"end":{"line":101,"column":10}},"101":{"start":{"line":102,"column":0},"end":{"line":102,"column":8}},"102":{"start":{"line":103,"column":0},"end":{"line":103,"column":37}},"103":{"start":{"line":104,"column":0},"end":{"line":104,"column":7}},"104":{"start":{"line":105,"column":0},"end":{"line":105,"column":3}},"105":{"start":{"line":106,"column":0},"end":{"line":106,"column":0}},"106":{"start":{"line":107,"column":0},"end":{"line":107,"column":49}},"107":{"start":{"line":108,"column":0},"end":{"line":108,"column":21}},"108":{"start":{"line":109,"column":0},"end":{"line":109,"column":3}},"109":{"start":{"line":110,"column":0},"end":{"line":110,"column":1}}},"s":{"0":1,"1":1,"2":1,"3":1,"4":1,"5":1,"6":1,"7":1,"8":1,"9":1,"10":1,"11":1,"12":1,"13":1,"14":1,"15":1,"16":1,"17":1,"18":1,"19":1,"20":1,"21":1,"22":1,"23":1,"24":1,"25":1,"26":1,"27":1,"28":1,"29":1,"30":1,"31":1,"32":1,"33":1,"34":1,"35":1,"36":2,"37":2,"38":2,"39":2,"40":2,"41":2,"42":2,"43":2,"44":2,"45":1,"46":1,"47":2,"48":2,"49":2,"50":2,"51":2,"52":2,"53":2,"54":2,"55":2,"56":2,"57":2,"58":2,"59":2,"60":1,"61":1,"62":1,"63":1,"64":1,"65":1,"66":1,"67":1,"68":1,"69":4,"70":4,"71":4,"72":4,"73":4,"74":1,"75":1,"76":3,"77":3,"78":3,"79":3,"80":3,"81":3,"82":3,"83":3,"84":3,"85":4,"86":1,"87":1,"88":2,"89":2,"90":2,"91":2,"92":4,"93":1,"94":1,"95":1,"96":1,"97":1,"98":1,"99":1,"100":1,"101":1,"102":1,"103":1,"104":1,"105":1,"106":1,"107":1,"108":1,"109":1},"branchMap":{"0":{"type":"branch","line":20,"loc":{"start":{"line":20,"column":2},"end":{"line":20,"column":46}},"locations":[{"start":{"line":20,"column":2},"end":{"line":20,"column":46}}]},"1":{"type":"branch","line":22,"loc":{"start":{"line":22,"column":2},"end":{"line":34,"column":3}},"locations":[{"start":{"line":22,"column":2},"end":{"line":34,"column":3}}]},"2":{"type":"branch","line":36,"loc":{"start":{"line":36,"column":2},"end":{"line":45,"column":3}},"locations":[{"start":{"line":36,"column":2},"end":{"line":45,"column":3}}]},"3":{"type":"branch","line":47,"loc":{"start":{"line":47,"column":2},"end":{"line":60,"column":3}},"locations":[{"start":{"line":47,"column":2},"end":{"line":60,"column":3}}]},"4":{"type":"branch","line":51,"loc":{"start":{"line":51,"column":12},"end":{"line":51,"column":30}},"locations":[{"start":{"line":51,"column":12},"end":{"line":51,"column":30}}]},"5":{"type":"branch","line":51,"loc":{"start":{"line":51,"column":26},"end":{"line":51,"column":34}},"locations":[{"start":{"line":51,"column":26},"end":{"line":51,"column":34}}]},"6":{"type":"branch","line":62,"loc":{"start":{"line":62,"column":2},"end":{"line":67,"column":3}},"locations":[{"start":{"line":62,"column":2},"end":{"line":67,"column":3}}]},"7":{"type":"branch","line":69,"loc":{"start":{"line":69,"column":2},"end":{"line":93,"column":3}},"locations":[{"start":{"line":69,"column":2},"end":{"line":93,"column":3}}]},"8":{"type":"branch","line":74,"loc":{"start":{"line":74,"column":16},"end":{"line":76,"column":5}},"locations":[{"start":{"line":74,"column":16},"end":{"line":76,"column":5}}]},"9":{"type":"branch","line":76,"loc":{"start":{"line":76,"column":4},"end":{"line":86,"column":39}},"locations":[{"start":{"line":76,"column":4},"end":{"line":86,"column":39}}]},"10":{"type":"branch","line":86,"loc":{"start":{"line":86,"column":29},"end":{"line":86,"column":48}},"locations":[{"start":{"line":86,"column":29},"end":{"line":86,"column":48}}]},"11":{"type":"branch","line":86,"loc":{"start":{"line":86,"column":48},"end":{"line":88,"column":5}},"locations":[{"start":{"line":86,"column":48},"end":{"line":88,"column":5}}]},"12":{"type":"branch","line":88,"loc":{"start":{"line":88,"column":4},"end":{"line":92,"column":7}},"locations":[{"start":{"line":88,"column":4},"end":{"line":92,"column":7}}]},"13":{"type":"branch","line":95,"loc":{"start":{"line":95,"column":2},"end":{"line":105,"column":3}},"locations":[{"start":{"line":95,"column":2},"end":{"line":105,"column":3}}]},"14":{"type":"branch","line":107,"loc":{"start":{"line":107,"column":2},"end":{"line":109,"column":3}},"locations":[{"start":{"line":107,"column":2},"end":{"line":109,"column":3}}]}},"b":{"0":[12],"1":[1],"2":[2],"3":[2],"4":[1],"5":[1],"6":[1],"7":[4],"8":[1],"9":[3],"10":[2],"11":[1],"12":[2],"13":[1],"14":[1]},"fnMap":{"0":{"name":"MediaService","decl":{"start":{"line":20,"column":2},"end":{"line":20,"column":46}},"loc":{"start":{"line":20,"column":2},"end":{"line":20,"column":46}},"line":20},"1":{"name":"createMedia","decl":{"start":{"line":22,"column":2},"end":{"line":34,"column":3}},"loc":{"start":{"line":22,"column":2},"end":{"line":34,"column":3}},"line":22},"2":{"name":"getMediaById","decl":{"start":{"line":36,"column":2},"end":{"line":45,"column":3}},"loc":{"start":{"line":36,"column":2},"end":{"line":45,"column":3}},"line":36},"3":{"name":"getTripMedia","decl":{"start":{"line":47,"column":2},"end":{"line":60,"column":3}},"loc":{"start":{"line":47,"column":2},"end":{"line":60,"column":3}},"line":47},"4":{"name":"updateMedia","decl":{"start":{"line":62,"column":2},"end":{"line":67,"column":3}},"loc":{"start":{"line":62,"column":2},"end":{"line":67,"column":3}},"line":62},"5":{"name":"deleteMedia","decl":{"start":{"line":69,"column":2},"end":{"line":93,"column":3}},"loc":{"start":{"line":69,"column":2},"end":{"line":93,"column":3}},"line":69},"6":{"name":"getActivityMedia","decl":{"start":{"line":95,"column":2},"end":{"line":105,"column":3}},"loc":{"start":{"line":95,"column":2},"end":{"line":105,"column":3}},"line":95},"7":{"name":"generateDownloadUrl","decl":{"start":{"line":107,"column":2},"end":{"line":109,"column":3}},"loc":{"start":{"line":107,"column":2},"end":{"line":109,"column":3}},"line":107}},"f":{"0":12,"1":1,"2":2,"3":2,"4":1,"5":4,"6":1,"7":1}}
,"/home/i4ybrid/development/trip-planner/backend/src/services/message.service.ts": {"path":"/home/i4ybrid/development/trip-planner/backend/src/services/message.service.ts","all":false,"statementMap":{"0":{"start":{"line":1,"column":0},"end":{"line":1,"column":96}},"1":{"start":{"line":2,"column":0},"end":{"line":2,"column":0}},"2":{"start":{"line":3,"column":0},"end":{"line":3,"column":65}},"3":{"start":{"line":4,"column":0},"end":{"line":4,"column":0}},"4":{"start":{"line":5,"column":0},"end":{"line":5,"column":37}},"5":{"start":{"line":6,"column":0},"end":{"line":6,"column":17}},"6":{"start":{"line":7,"column":0},"end":{"line":7,"column":17}},"7":{"start":{"line":8,"column":0},"end":{"line":8,"column":18}},"8":{"start":{"line":9,"column":0},"end":{"line":9,"column":54}},"9":{"start":{"line":10,"column":0},"end":{"line":10,"column":1}},"10":{"start":{"line":11,"column":0},"end":{"line":11,"column":0}},"11":{"start":{"line":12,"column":0},"end":{"line":12,"column":32}},"12":{"start":{"line":13,"column":0},"end":{"line":13,"column":28}},"13":{"start":{"line":14,"column":0},"end":{"line":14,"column":13}},"14":{"start":{"line":15,"column":0},"end":{"line":15,"column":21}},"15":{"start":{"line":16,"column":0},"end":{"line":16,"column":19}},"16":{"start":{"line":17,"column":0},"end":{"line":17,"column":1}},"17":{"start":{"line":18,"column":0},"end":{"line":18,"column":0}},"18":{"start":{"line":19,"column":0},"end":{"line":19,"column":29}},"19":{"start":{"line":20,"column":0},"end":{"line":20,"column":46}},"20":{"start":{"line":21,"column":0},"end":{"line":21,"column":0}},"21":{"start":{"line":22,"column":0},"end":{"line":22,"column":110}},"22":{"start":{"line":23,"column":0},"end":{"line":23,"column":41}},"23":{"start":{"line":24,"column":0},"end":{"line":24,"column":35}},"24":{"start":{"line":25,"column":0},"end":{"line":25,"column":14}},"25":{"start":{"line":26,"column":0},"end":{"line":26,"column":0}},"26":{"start":{"line":27,"column":0},"end":{"line":27,"column":59}},"27":{"start":{"line":28,"column":0},"end":{"line":28,"column":49}},"28":{"start":{"line":29,"column":0},"end":{"line":29,"column":6}},"29":{"start":{"line":30,"column":0},"end":{"line":30,"column":39}},"30":{"start":{"line":31,"column":0},"end":{"line":31,"column":23}},"31":{"start":{"line":32,"column":0},"end":{"line":32,"column":27}},"32":{"start":{"line":33,"column":0},"end":{"line":33,"column":25}},"33":{"start":{"line":34,"column":0},"end":{"line":34,"column":34}},"34":{"start":{"line":35,"column":0},"end":{"line":35,"column":50}},"35":{"start":{"line":36,"column":0},"end":{"line":36,"column":11}},"36":{"start":{"line":37,"column":0},"end":{"line":37,"column":14}},"37":{"start":{"line":38,"column":0},"end":{"line":38,"column":45}},"38":{"start":{"line":39,"column":0},"end":{"line":39,"column":80}},"39":{"start":{"line":40,"column":0},"end":{"line":40,"column":65}},"40":{"start":{"line":41,"column":0},"end":{"line":41,"column":10}},"41":{"start":{"line":42,"column":0},"end":{"line":42,"column":8}},"42":{"start":{"line":43,"column":0},"end":{"line":43,"column":21}},"43":{"start":{"line":44,"column":0},"end":{"line":44,"column":25}},"44":{"start":{"line":45,"column":0},"end":{"line":45,"column":25}},"45":{"start":{"line":46,"column":0},"end":{"line":46,"column":30}},"46":{"start":{"line":47,"column":0},"end":{"line":47,"column":36}},"47":{"start":{"line":48,"column":0},"end":{"line":48,"column":52}},"48":{"start":{"line":49,"column":0},"end":{"line":49,"column":13}},"49":{"start":{"line":50,"column":0},"end":{"line":50,"column":9}},"50":{"start":{"line":51,"column":0},"end":{"line":51,"column":7}},"51":{"start":{"line":52,"column":0},"end":{"line":52,"column":5}},"52":{"start":{"line":53,"column":0},"end":{"line":53,"column":0}},"53":{"start":{"line":54,"column":0},"end":{"line":54,"column":20}},"54":{"start":{"line":55,"column":0},"end":{"line":55,"column":3}},"55":{"start":{"line":56,"column":0},"end":{"line":56,"column":0}},"56":{"start":{"line":57,"column":0},"end":{"line":57,"column":103}},"57":{"start":{"line":58,"column":0},"end":{"line":58,"column":63}},"58":{"start":{"line":59,"column":0},"end":{"line":59,"column":37}},"59":{"start":{"line":60,"column":0},"end":{"line":60,"column":30}},"60":{"start":{"line":61,"column":0},"end":{"line":61,"column":7}},"61":{"start":{"line":62,"column":0},"end":{"line":62,"column":0}},"62":{"start":{"line":63,"column":0},"end":{"line":63,"column":67}},"63":{"start":{"line":64,"column":0},"end":{"line":64,"column":0}},"64":{"start":{"line":65,"column":0},"end":{"line":65,"column":58}},"65":{"start":{"line":66,"column":0},"end":{"line":66,"column":13}},"66":{"start":{"line":67,"column":0},"end":{"line":67,"column":28}},"67":{"start":{"line":68,"column":0},"end":{"line":68,"column":28}},"68":{"start":{"line":69,"column":0},"end":{"line":69,"column":30}},"69":{"start":{"line":70,"column":0},"end":{"line":70,"column":48}},"70":{"start":{"line":71,"column":0},"end":{"line":71,"column":8}},"71":{"start":{"line":72,"column":0},"end":{"line":72,"column":7}},"72":{"start":{"line":73,"column":0},"end":{"line":73,"column":0}},"73":{"start":{"line":74,"column":0},"end":{"line":74,"column":36}},"74":{"start":{"line":75,"column":0},"end":{"line":75,"column":3}},"75":{"start":{"line":76,"column":0},"end":{"line":76,"column":0}},"76":{"start":{"line":77,"column":0},"end":{"line":77,"column":96}},"77":{"start":{"line":78,"column":0},"end":{"line":78,"column":45}},"78":{"start":{"line":79,"column":0},"end":{"line":79,"column":14}},"79":{"start":{"line":80,"column":0},"end":{"line":80,"column":15}},"80":{"start":{"line":81,"column":0},"end":{"line":81,"column":54}},"81":{"start":{"line":82,"column":0},"end":{"line":82,"column":8}},"82":{"start":{"line":83,"column":0},"end":{"line":83,"column":16}},"83":{"start":{"line":84,"column":0},"end":{"line":84,"column":15}},"84":{"start":{"line":85,"column":0},"end":{"line":85,"column":60}},"85":{"start":{"line":86,"column":0},"end":{"line":86,"column":10}},"86":{"start":{"line":87,"column":0},"end":{"line":87,"column":24}},"87":{"start":{"line":88,"column":0},"end":{"line":88,"column":17}},"88":{"start":{"line":89,"column":0},"end":{"line":89,"column":54}},"89":{"start":{"line":90,"column":0},"end":{"line":90,"column":10}},"90":{"start":{"line":91,"column":0},"end":{"line":91,"column":8}},"91":{"start":{"line":92,"column":0},"end":{"line":92,"column":37}},"92":{"start":{"line":93,"column":0},"end":{"line":93,"column":18}},"93":{"start":{"line":94,"column":0},"end":{"line":94,"column":7}},"94":{"start":{"line":95,"column":0},"end":{"line":95,"column":3}},"95":{"start":{"line":96,"column":0},"end":{"line":96,"column":0}},"96":{"start":{"line":97,"column":0},"end":{"line":97,"column":72}},"97":{"start":{"line":98,"column":0},"end":{"line":98,"column":47}},"98":{"start":{"line":99,"column":0},"end":{"line":99,"column":31}},"99":{"start":{"line":100,"column":0},"end":{"line":100,"column":16}},"100":{"start":{"line":101,"column":0},"end":{"line":101,"column":15}},"101":{"start":{"line":102,"column":0},"end":{"line":102,"column":60}},"102":{"start":{"line":103,"column":0},"end":{"line":103,"column":10}},"103":{"start":{"line":104,"column":0},"end":{"line":104,"column":24}},"104":{"start":{"line":105,"column":0},"end":{"line":105,"column":8}},"105":{"start":{"line":106,"column":0},"end":{"line":106,"column":7}},"106":{"start":{"line":107,"column":0},"end":{"line":107,"column":3}},"107":{"start":{"line":108,"column":0},"end":{"line":108,"column":0}},"108":{"start":{"line":109,"column":0},"end":{"line":109,"column":98}},"109":{"start":{"line":110,"column":0},"end":{"line":110,"column":62}},"110":{"start":{"line":111,"column":0},"end":{"line":111,"column":31}},"111":{"start":{"line":112,"column":0},"end":{"line":112,"column":7}},"112":{"start":{"line":113,"column":0},"end":{"line":113,"column":0}},"113":{"start":{"line":114,"column":0},"end":{"line":114,"column":19}},"114":{"start":{"line":115,"column":0},"end":{"line":115,"column":43}},"115":{"start":{"line":116,"column":0},"end":{"line":116,"column":5}},"116":{"start":{"line":117,"column":0},"end":{"line":117,"column":0}},"117":{"start":{"line":118,"column":0},"end":{"line":118,"column":36}},"118":{"start":{"line":119,"column":0},"end":{"line":119,"column":61}},"119":{"start":{"line":120,"column":0},"end":{"line":120,"column":5}},"120":{"start":{"line":121,"column":0},"end":{"line":121,"column":0}},"121":{"start":{"line":122,"column":0},"end":{"line":122,"column":64}},"122":{"start":{"line":123,"column":0},"end":{"line":123,"column":13}},"123":{"start":{"line":124,"column":0},"end":{"line":124,"column":31}},"124":{"start":{"line":125,"column":0},"end":{"line":125,"column":31}},"125":{"start":{"line":126,"column":0},"end":{"line":126,"column":28}},"126":{"start":{"line":127,"column":0},"end":{"line":127,"column":41}},"127":{"start":{"line":128,"column":0},"end":{"line":128,"column":28}},"128":{"start":{"line":129,"column":0},"end":{"line":129,"column":8}},"129":{"start":{"line":130,"column":0},"end":{"line":130,"column":7}},"130":{"start":{"line":131,"column":0},"end":{"line":131,"column":0}},"131":{"start":{"line":132,"column":0},"end":{"line":132,"column":42}},"132":{"start":{"line":133,"column":0},"end":{"line":133,"column":31}},"133":{"start":{"line":134,"column":0},"end":{"line":134,"column":37}},"134":{"start":{"line":135,"column":0},"end":{"line":135,"column":7}},"135":{"start":{"line":136,"column":0},"end":{"line":136,"column":0}},"136":{"start":{"line":137,"column":0},"end":{"line":137,"column":25}},"137":{"start":{"line":138,"column":0},"end":{"line":138,"column":3}},"138":{"start":{"line":139,"column":0},"end":{"line":139,"column":0}},"139":{"start":{"line":140,"column":0},"end":{"line":140,"column":73}},"140":{"start":{"line":141,"column":0},"end":{"line":141,"column":62}},"141":{"start":{"line":142,"column":0},"end":{"line":142,"column":31}},"142":{"start":{"line":143,"column":0},"end":{"line":143,"column":7}},"143":{"start":{"line":144,"column":0},"end":{"line":144,"column":0}},"144":{"start":{"line":145,"column":0},"end":{"line":145,"column":19}},"145":{"start":{"line":146,"column":0},"end":{"line":146,"column":43}},"146":{"start":{"line":147,"column":0},"end":{"line":147,"column":5}},"147":{"start":{"line":148,"column":0},"end":{"line":148,"column":0}},"148":{"start":{"line":149,"column":0},"end":{"line":149,"column":36}},"149":{"start":{"line":150,"column":0},"end":{"line":150,"column":63}},"150":{"start":{"line":151,"column":0},"end":{"line":151,"column":5}},"151":{"start":{"line":152,"column":0},"end":{"line":152,"column":0}},"152":{"start":{"line":153,"column":0},"end":{"line":153,"column":42}},"153":{"start":{"line":154,"column":0},"end":{"line":154,"column":31}},"154":{"start":{"line":155,"column":0},"end":{"line":155,"column":7}},"155":{"start":{"line":156,"column":0},"end":{"line":156,"column":3}},"156":{"start":{"line":157,"column":0},"end":{"line":157,"column":0}},"157":{"start":{"line":158,"column":0},"end":{"line":158,"column":97}},"158":{"start":{"line":159,"column":0},"end":{"line":159,"column":47}},"159":{"start":{"line":160,"column":0},"end":{"line":160,"column":14}},"160":{"start":{"line":161,"column":0},"end":{"line":161,"column":33}},"161":{"start":{"line":162,"column":0},"end":{"line":162,"column":20}},"162":{"start":{"line":163,"column":0},"end":{"line":163,"column":17}},"163":{"start":{"line":164,"column":0},"end":{"line":164,"column":16}},"164":{"start":{"line":165,"column":0},"end":{"line":165,"column":10}},"165":{"start":{"line":166,"column":0},"end":{"line":166,"column":8}},"166":{"start":{"line":167,"column":0},"end":{"line":167,"column":15}},"167":{"start":{"line":168,"column":0},"end":{"line":168,"column":18}},"168":{"start":{"line":169,"column":0},"end":{"line":169,"column":15}},"169":{"start":{"line":170,"column":0},"end":{"line":170,"column":14}},"170":{"start":{"line":171,"column":0},"end":{"line":171,"column":8}},"171":{"start":{"line":172,"column":0},"end":{"line":172,"column":17}},"172":{"start":{"line":173,"column":0},"end":{"line":173,"column":7}},"173":{"start":{"line":174,"column":0},"end":{"line":174,"column":3}},"174":{"start":{"line":175,"column":0},"end":{"line":175,"column":0}},"175":{"start":{"line":176,"column":0},"end":{"line":176,"column":89}},"176":{"start":{"line":177,"column":0},"end":{"line":177,"column":46}},"177":{"start":{"line":178,"column":0},"end":{"line":178,"column":14}},"178":{"start":{"line":179,"column":0},"end":{"line":179,"column":33}},"179":{"start":{"line":180,"column":0},"end":{"line":180,"column":20}},"180":{"start":{"line":181,"column":0},"end":{"line":181,"column":17}},"181":{"start":{"line":182,"column":0},"end":{"line":182,"column":16}},"182":{"start":{"line":183,"column":0},"end":{"line":183,"column":10}},"183":{"start":{"line":184,"column":0},"end":{"line":184,"column":8}},"184":{"start":{"line":185,"column":0},"end":{"line":185,"column":7}},"185":{"start":{"line":186,"column":0},"end":{"line":186,"column":3}},"186":{"start":{"line":187,"column":0},"end":{"line":187,"column":0}},"187":{"start":{"line":188,"column":0},"end":{"line":188,"column":138}},"188":{"start":{"line":189,"column":0},"end":{"line":189,"column":49}},"189":{"start":{"line":190,"column":0},"end":{"line":190,"column":27}},"190":{"start":{"line":191,"column":0},"end":{"line":191,"column":16}},"191":{"start":{"line":192,"column":0},"end":{"line":192,"column":15}},"192":{"start":{"line":193,"column":0},"end":{"line":193,"column":60}},"193":{"start":{"line":194,"column":0},"end":{"line":194,"column":10}},"194":{"start":{"line":195,"column":0},"end":{"line":195,"column":8}},"195":{"start":{"line":196,"column":0},"end":{"line":196,"column":7}},"196":{"start":{"line":197,"column":0},"end":{"line":197,"column":3}},"197":{"start":{"line":198,"column":0},"end":{"line":198,"column":0}},"198":{"start":{"line":199,"column":0},"end":{"line":199,"column":84}},"199":{"start":{"line":200,"column":0},"end":{"line":200,"column":50}},"200":{"start":{"line":201,"column":0},"end":{"line":201,"column":14}},"201":{"start":{"line":202,"column":0},"end":{"line":202,"column":27}},"202":{"start":{"line":203,"column":0},"end":{"line":203,"column":20}},"203":{"start":{"line":204,"column":0},"end":{"line":204,"column":17}},"204":{"start":{"line":205,"column":0},"end":{"line":205,"column":10}},"205":{"start":{"line":206,"column":0},"end":{"line":206,"column":8}},"206":{"start":{"line":207,"column":0},"end":{"line":207,"column":15}},"207":{"start":{"line":208,"column":0},"end":{"line":208,"column":18}},"208":{"start":{"line":209,"column":0},"end":{"line":209,"column":15}},"209":{"start":{"line":210,"column":0},"end":{"line":210,"column":27}},"210":{"start":{"line":211,"column":0},"end":{"line":211,"column":8}},"211":{"start":{"line":212,"column":0},"end":{"line":212,"column":15}},"212":{"start":{"line":213,"column":0},"end":{"line":213,"column":27}},"213":{"start":{"line":214,"column":0},"end":{"line":214,"column":8}},"214":{"start":{"line":215,"column":0},"end":{"line":215,"column":7}},"215":{"start":{"line":216,"column":0},"end":{"line":216,"column":3}},"216":{"start":{"line":217,"column":0},"end":{"line":217,"column":0}},"217":{"start":{"line":218,"column":0},"end":{"line":218,"column":72}},"218":{"start":{"line":219,"column":0},"end":{"line":219,"column":61}},"219":{"start":{"line":220,"column":0},"end":{"line":220,"column":24}},"220":{"start":{"line":221,"column":0},"end":{"line":221,"column":27}},"221":{"start":{"line":222,"column":0},"end":{"line":222,"column":7}},"222":{"start":{"line":223,"column":0},"end":{"line":223,"column":0}},"223":{"start":{"line":224,"column":0},"end":{"line":224,"column":47}},"224":{"start":{"line":225,"column":0},"end":{"line":225,"column":4}},"225":{"start":{"line":226,"column":0},"end":{"line":226,"column":42}},"226":{"start":{"line":227,"column":0},"end":{"line":227,"column":0}},"227":{"start":{"line":228,"column":0},"end":{"line":228,"column":68}},"228":{"start":{"line":229,"column":0},"end":{"line":229,"column":42}},"229":{"start":{"line":230,"column":0},"end":{"line":230,"column":18}},"230":{"start":{"line":231,"column":0},"end":{"line":231,"column":15}},"231":{"start":{"line":232,"column":0},"end":{"line":232,"column":27}},"232":{"start":{"line":233,"column":0},"end":{"line":233,"column":10}},"233":{"start":{"line":234,"column":0},"end":{"line":234,"column":27}},"234":{"start":{"line":235,"column":0},"end":{"line":235,"column":7}},"235":{"start":{"line":236,"column":0},"end":{"line":236,"column":0}},"236":{"start":{"line":237,"column":0},"end":{"line":237,"column":24}},"237":{"start":{"line":238,"column":0},"end":{"line":238,"column":3}},"238":{"start":{"line":239,"column":0},"end":{"line":239,"column":0}},"239":{"start":{"line":240,"column":0},"end":{"line":240,"column":144}},"240":{"start":{"line":241,"column":0},"end":{"line":241,"column":52}},"241":{"start":{"line":242,"column":0},"end":{"line":242,"column":27}},"242":{"start":{"line":243,"column":0},"end":{"line":243,"column":16}},"243":{"start":{"line":244,"column":0},"end":{"line":244,"column":15}},"244":{"start":{"line":245,"column":0},"end":{"line":245,"column":60}},"245":{"start":{"line":246,"column":0},"end":{"line":246,"column":10}},"246":{"start":{"line":247,"column":0},"end":{"line":247,"column":8}},"247":{"start":{"line":248,"column":0},"end":{"line":248,"column":7}},"248":{"start":{"line":249,"column":0},"end":{"line":249,"column":3}},"249":{"start":{"line":250,"column":0},"end":{"line":250,"column":0}},"250":{"start":{"line":251,"column":0},"end":{"line":251,"column":73}},"251":{"start":{"line":252,"column":0},"end":{"line":252,"column":63}},"252":{"start":{"line":253,"column":0},"end":{"line":253,"column":24}},"253":{"start":{"line":254,"column":0},"end":{"line":254,"column":7}},"254":{"start":{"line":255,"column":0},"end":{"line":255,"column":0}},"255":{"start":{"line":256,"column":0},"end":{"line":256,"column":66}},"256":{"start":{"line":257,"column":0},"end":{"line":257,"column":14}},"257":{"start":{"line":258,"column":0},"end":{"line":258,"column":28}},"258":{"start":{"line":259,"column":0},"end":{"line":259,"column":15}},"259":{"start":{"line":260,"column":0},"end":{"line":260,"column":8}},"260":{"start":{"line":261,"column":0},"end":{"line":261,"column":7}},"261":{"start":{"line":262,"column":0},"end":{"line":262,"column":0}},"262":{"start":{"line":263,"column":0},"end":{"line":263,"column":37}},"263":{"start":{"line":264,"column":0},"end":{"line":264,"column":3}},"264":{"start":{"line":265,"column":0},"end":{"line":265,"column":0}},"265":{"start":{"line":266,"column":0},"end":{"line":266,"column":84}},"266":{"start":{"line":267,"column":0},"end":{"line":267,"column":43}},"267":{"start":{"line":268,"column":0},"end":{"line":268,"column":13}},"268":{"start":{"line":269,"column":0},"end":{"line":269,"column":15}},"269":{"start":{"line":270,"column":0},"end":{"line":270,"column":25}},"270":{"start":{"line":271,"column":0},"end":{"line":271,"column":16}},"271":{"start":{"line":272,"column":0},"end":{"line":272,"column":30}},"272":{"start":{"line":273,"column":0},"end":{"line":273,"column":8}},"273":{"start":{"line":274,"column":0},"end":{"line":274,"column":7}},"274":{"start":{"line":275,"column":0},"end":{"line":275,"column":3}},"275":{"start":{"line":276,"column":0},"end":{"line":276,"column":0}},"276":{"start":{"line":277,"column":0},"end":{"line":277,"column":88}},"277":{"start":{"line":278,"column":0},"end":{"line":278,"column":59}},"278":{"start":{"line":279,"column":0},"end":{"line":279,"column":45}},"279":{"start":{"line":280,"column":0},"end":{"line":280,"column":16}},"280":{"start":{"line":281,"column":0},"end":{"line":281,"column":15}},"281":{"start":{"line":282,"column":0},"end":{"line":282,"column":43}},"282":{"start":{"line":283,"column":0},"end":{"line":283,"column":10}},"283":{"start":{"line":284,"column":0},"end":{"line":284,"column":8}},"284":{"start":{"line":285,"column":0},"end":{"line":285,"column":7}},"285":{"start":{"line":286,"column":0},"end":{"line":286,"column":0}},"286":{"start":{"line":287,"column":0},"end":{"line":287,"column":30}},"287":{"start":{"line":288,"column":0},"end":{"line":288,"column":24}},"288":{"start":{"line":289,"column":0},"end":{"line":289,"column":24}},"289":{"start":{"line":290,"column":0},"end":{"line":290,"column":8}},"290":{"start":{"line":291,"column":0},"end":{"line":291,"column":3}},"291":{"start":{"line":292,"column":0},"end":{"line":292,"column":1}}},"s":{"0":1,"1":1,"2":1,"3":1,"4":1,"5":1,"6":1,"7":1,"8":1,"9":1,"10":1,"11":1,"12":1,"13":1,"14":1,"15":1,"16":1,"17":1,"18":1,"19":1,"20":1,"21":1,"22":6,"23":6,"24":6,"25":6,"26":6,"27":7,"28":7,"29":7,"30":3,"31":3,"32":3,"33":3,"34":3,"35":3,"36":7,"37":4,"38":5,"39":1,"40":4,"41":4,"42":4,"43":4,"44":4,"45":4,"46":4,"47":4,"48":4,"49":4,"50":4,"51":7,"52":6,"53":6,"54":6,"55":1,"56":1,"57":1,"58":1,"59":1,"60":1,"61":1,"62":1,"63":1,"64":1,"65":1,"66":1,"67":1,"68":1,"69":1,"70":1,"71":1,"72":1,"73":1,"74":1,"75":1,"76":1,"77":2,"78":2,"79":2,"80":2,"81":2,"82":2,"83":2,"84":2,"85":2,"86":2,"87":2,"88":2,"89":2,"90":2,"91":2,"92":2,"93":2,"94":2,"95":1,"96":1,"97":2,"98":2,"99":2,"100":2,"101":2,"102":2,"103":2,"104":2,"105":2,"106":2,"107":1,"108":1,"109":3,"110":3,"111":3,"112":3,"113":3,"114":1,"115":1,"116":2,"117":3,"118":1,"119":1,"120":1,"121":1,"122":1,"123":1,"124":1,"125":1,"126":1,"127":1,"128":1,"129":1,"130":1,"131":1,"132":1,"133":1,"134":1,"135":1,"136":1,"137":3,"138":1,"139":1,"140":3,"141":3,"142":3,"143":3,"144":3,"145":1,"146":1,"147":2,"148":3,"149":1,"150":1,"151":1,"152":1,"153":1,"154":1,"155":3,"156":1,"157":1,"158":1,"159":1,"160":1,"161":1,"162":1,"163":1,"164":1,"165":1,"166":1,"167":1,"168":1,"169":1,"170":1,"171":1,"172":1,"173":1,"174":1,"175":1,"176":1,"177":1,"178":1,"179":1,"180":1,"181":1,"182":1,"183":1,"184":1,"185":1,"186":1,"187":1,"188":1,"189":1,"190":1,"191":1,"192":1,"193":1,"194":1,"195":1,"196":1,"197":1,"198":1,"199":1,"200":1,"201":1,"202":1,"203":1,"204":1,"205":1,"206":1,"207":1,"208":1,"209":1,"210":1,"211":1,"212":1,"213":1,"214":1,"215":1,"216":1,"217":1,"218":2,"219":2,"220":2,"221":2,"222":2,"223":2,"224":2,"225":2,"226":1,"227":1,"228":1,"229":3,"230":3,"231":3,"232":1,"233":1,"234":1,"235":1,"236":1,"237":2,"238":1,"239":1,"240":1,"241":1,"242":1,"243":1,"244":1,"245":1,"246":1,"247":1,"248":1,"249":1,"250":1,"251":1,"252":1,"253":1,"254":1,"255":1,"256":1,"257":1,"258":1,"259":1,"260":1,"261":1,"262":1,"263":1,"264":1,"265":1,"266":1,"267":1,"268":1,"269":1,"270":1,"271":1,"272":1,"273":1,"274":1,"275":1,"276":1,"277":1,"278":1,"279":1,"280":1,"281":1,"282":1,"283":1,"284":1,"285":1,"286":1,"287":2,"288":2,"289":1,"290":1,"291":1},"branchMap":{"0":{"type":"branch","line":20,"loc":{"start":{"line":20,"column":2},"end":{"line":20,"column":46}},"locations":[{"start":{"line":20,"column":2},"end":{"line":20,"column":46}}]},"1":{"type":"branch","line":22,"loc":{"start":{"line":22,"column":2},"end":{"line":55,"column":3}},"locations":[{"start":{"line":22,"column":2},"end":{"line":55,"column":3}}]},"2":{"type":"branch","line":27,"loc":{"start":{"line":27,"column":58},"end":{"line":52,"column":5}},"locations":[{"start":{"line":27,"column":58},"end":{"line":52,"column":5}}]},"3":{"type":"branch","line":30,"loc":{"start":{"line":30,"column":38},"end":{"line":37,"column":13}},"locations":[{"start":{"line":30,"column":38},"end":{"line":37,"column":13}}]},"4":{"type":"branch","line":37,"loc":{"start":{"line":37,"column":6},"end":{"line":51,"column":7}},"locations":[{"start":{"line":37,"column":6},"end":{"line":51,"column":7}}]},"5":{"type":"branch","line":38,"loc":{"start":{"line":38,"column":40},"end":{"line":40,"column":65}},"locations":[{"start":{"line":38,"column":40},"end":{"line":40,"column":65}}]},"6":{"type":"branch","line":39,"loc":{"start":{"line":39,"column":76},"end":{"line":40,"column":65}},"locations":[{"start":{"line":39,"column":76},"end":{"line":40,"column":65}}]},"7":{"type":"branch","line":57,"loc":{"start":{"line":57,"column":2},"end":{"line":75,"column":3}},"locations":[{"start":{"line":57,"column":2},"end":{"line":75,"column":3}}]},"8":{"type":"branch","line":77,"loc":{"start":{"line":77,"column":2},"end":{"line":95,"column":3}},"locations":[{"start":{"line":77,"column":2},"end":{"line":95,"column":3}}]},"9":{"type":"branch","line":81,"loc":{"start":{"line":81,"column":12},"end":{"line":81,"column":50}},"locations":[{"start":{"line":81,"column":12},"end":{"line":81,"column":50}}]},"10":{"type":"branch","line":97,"loc":{"start":{"line":97,"column":2},"end":{"line":107,"column":3}},"locations":[{"start":{"line":97,"column":2},"end":{"line":107,"column":3}}]},"11":{"type":"branch","line":109,"loc":{"start":{"line":109,"column":2},"end":{"line":138,"column":3}},"locations":[{"start":{"line":109,"column":2},"end":{"line":138,"column":3}}]},"12":{"type":"branch","line":114,"loc":{"start":{"line":114,"column":18},"end":{"line":116,"column":5}},"locations":[{"start":{"line":114,"column":18},"end":{"line":116,"column":5}}]},"13":{"type":"branch","line":116,"loc":{"start":{"line":116,"column":4},"end":{"line":118,"column":35}},"locations":[{"start":{"line":116,"column":4},"end":{"line":118,"column":35}}]},"14":{"type":"branch","line":118,"loc":{"start":{"line":118,"column":35},"end":{"line":137,"column":25}},"locations":[{"start":{"line":118,"column":35},"end":{"line":137,"column":25}}]},"15":{"type":"branch","line":140,"loc":{"start":{"line":140,"column":2},"end":{"line":156,"column":3}},"locations":[{"start":{"line":140,"column":2},"end":{"line":156,"column":3}}]},"16":{"type":"branch","line":145,"loc":{"start":{"line":145,"column":18},"end":{"line":147,"column":5}},"locations":[{"start":{"line":145,"column":18},"end":{"line":147,"column":5}}]},"17":{"type":"branch","line":147,"loc":{"start":{"line":147,"column":4},"end":{"line":149,"column":35}},"locations":[{"start":{"line":147,"column":4},"end":{"line":149,"column":35}}]},"18":{"type":"branch","line":149,"loc":{"start":{"line":149,"column":35},"end":{"line":155,"column":7}},"locations":[{"start":{"line":149,"column":35},"end":{"line":155,"column":7}}]},"19":{"type":"branch","line":158,"loc":{"start":{"line":158,"column":2},"end":{"line":174,"column":3}},"locations":[{"start":{"line":158,"column":2},"end":{"line":174,"column":3}}]},"20":{"type":"branch","line":176,"loc":{"start":{"line":176,"column":2},"end":{"line":186,"column":3}},"locations":[{"start":{"line":176,"column":2},"end":{"line":186,"column":3}}]},"21":{"type":"branch","line":188,"loc":{"start":{"line":188,"column":2},"end":{"line":197,"column":3}},"locations":[{"start":{"line":188,"column":2},"end":{"line":197,"column":3}}]},"22":{"type":"branch","line":199,"loc":{"start":{"line":199,"column":2},"end":{"line":216,"column":3}},"locations":[{"start":{"line":199,"column":2},"end":{"line":216,"column":3}}]},"23":{"type":"branch","line":218,"loc":{"start":{"line":218,"column":2},"end":{"line":238,"column":3}},"locations":[{"start":{"line":218,"column":2},"end":{"line":238,"column":3}}]},"24":{"type":"branch","line":226,"loc":{"start":{"line":226,"column":33},"end":{"line":237,"column":24}},"locations":[{"start":{"line":226,"column":33},"end":{"line":237,"column":24}}]},"25":{"type":"branch","line":224,"loc":{"start":{"line":224,"column":36},"end":{"line":224,"column":45}},"locations":[{"start":{"line":224,"column":36},"end":{"line":224,"column":45}}]},"26":{"type":"branch","line":229,"loc":{"start":{"line":229,"column":27},"end":{"line":233,"column":8}},"locations":[{"start":{"line":229,"column":27},"end":{"line":233,"column":8}}]},"27":{"type":"branch","line":240,"loc":{"start":{"line":240,"column":2},"end":{"line":249,"column":3}},"locations":[{"start":{"line":240,"column":2},"end":{"line":249,"column":3}}]},"28":{"type":"branch","line":251,"loc":{"start":{"line":251,"column":2},"end":{"line":264,"column":3}},"locations":[{"start":{"line":251,"column":2},"end":{"line":264,"column":3}}]},"29":{"type":"branch","line":266,"loc":{"start":{"line":266,"column":2},"end":{"line":275,"column":3}},"locations":[{"start":{"line":266,"column":2},"end":{"line":275,"column":3}}]},"30":{"type":"branch","line":277,"loc":{"start":{"line":277,"column":2},"end":{"line":291,"column":3}},"locations":[{"start":{"line":277,"column":2},"end":{"line":291,"column":3}}]},"31":{"type":"branch","line":287,"loc":{"start":{"line":287,"column":23},"end":{"line":290,"column":6}},"locations":[{"start":{"line":287,"column":23},"end":{"line":290,"column":6}}]}},"b":{"0":[26],"1":[6],"2":[7],"3":[3],"4":[4],"5":[5],"6":[1],"7":[1],"8":[2],"9":[0],"10":[2],"11":[3],"12":[1],"13":[2],"14":[1],"15":[3],"16":[1],"17":[2],"18":[1],"19":[1],"20":[1],"21":[1],"22":[1],"23":[2],"24":[1],"25":[3],"26":[3],"27":[1],"28":[1],"29":[1],"30":[1],"31":[2]},"fnMap":{"0":{"name":"MessageService","decl":{"start":{"line":20,"column":2},"end":{"line":20,"column":46}},"loc":{"start":{"line":20,"column":2},"end":{"line":20,"column":46}},"line":20},"1":{"name":"parseMentions","decl":{"start":{"line":22,"column":2},"end":{"line":55,"column":3}},"loc":{"start":{"line":22,"column":2},"end":{"line":55,"column":3}},"line":22},"2":{"name":"createMessage","decl":{"start":{"line":57,"column":2},"end":{"line":75,"column":3}},"loc":{"start":{"line":57,"column":2},"end":{"line":75,"column":3}},"line":57},"3":{"name":"getTripMessages","decl":{"start":{"line":77,"column":2},"end":{"line":95,"column":3}},"loc":{"start":{"line":77,"column":2},"end":{"line":95,"column":3}},"line":77},"4":{"name":"getMessageById","decl":{"start":{"line":97,"column":2},"end":{"line":107,"column":3}},"loc":{"start":{"line":97,"column":2},"end":{"line":107,"column":3}},"line":97},"5":{"name":"editMessage","decl":{"start":{"line":109,"column":2},"end":{"line":138,"column":3}},"loc":{"start":{"line":109,"column":2},"end":{"line":138,"column":3}},"line":109},"6":{"name":"deleteMessage","decl":{"start":{"line":140,"column":2},"end":{"line":156,"column":3}},"loc":{"start":{"line":140,"column":2},"end":{"line":156,"column":3}},"line":140},"7":{"name":"addReaction","decl":{"start":{"line":158,"column":2},"end":{"line":174,"column":3}},"loc":{"start":{"line":158,"column":2},"end":{"line":174,"column":3}},"line":158},"8":{"name":"removeReaction","decl":{"start":{"line":176,"column":2},"end":{"line":186,"column":3}},"loc":{"start":{"line":176,"column":2},"end":{"line":186,"column":3}},"line":176},"9":{"name":"getReactions","decl":{"start":{"line":188,"column":2},"end":{"line":197,"column":3}},"loc":{"start":{"line":188,"column":2},"end":{"line":197,"column":3}},"line":188},"10":{"name":"markAsRead","decl":{"start":{"line":199,"column":2},"end":{"line":216,"column":3}},"loc":{"start":{"line":199,"column":2},"end":{"line":216,"column":3}},"line":199},"11":{"name":"markAllAsRead","decl":{"start":{"line":218,"column":2},"end":{"line":238,"column":3}},"loc":{"start":{"line":218,"column":2},"end":{"line":238,"column":3}},"line":218},"12":{"name":"getReadReceipts","decl":{"start":{"line":240,"column":2},"end":{"line":249,"column":3}},"loc":{"start":{"line":240,"column":2},"end":{"line":249,"column":3}},"line":240},"13":{"name":"getUnreadCount","decl":{"start":{"line":251,"column":2},"end":{"line":264,"column":3}},"loc":{"start":{"line":251,"column":2},"end":{"line":264,"column":3}},"line":251},"14":{"name":"createSystemMessage","decl":{"start":{"line":266,"column":2},"end":{"line":275,"column":3}},"loc":{"start":{"line":266,"column":2},"end":{"line":275,"column":3}},"line":266},"15":{"name":"getMentionedUsers","decl":{"start":{"line":277,"column":2},"end":{"line":291,"column":3}},"loc":{"start":{"line":277,"column":2},"end":{"line":291,"column":3}},"line":277}},"f":{"0":26,"1":6,"2":1,"3":2,"4":2,"5":3,"6":3,"7":1,"8":1,"9":1,"10":1,"11":2,"12":1,"13":1,"14":1,"15":1}}
,"/home/i4ybrid/development/trip-planner/backend/src/services/notification.service.ts": {"path":"/home/i4ybrid/development/trip-planner/backend/src/services/notification.service.ts","all":false,"statementMap":{"0":{"start":{"line":1,"column":0},"end":{"line":1,"column":60}},"1":{"start":{"line":2,"column":0},"end":{"line":2,"column":0}},"2":{"start":{"line":3,"column":0},"end":{"line":3,"column":29}},"3":{"start":{"line":4,"column":0},"end":{"line":4,"column":0}},"4":{"start":{"line":5,"column":0},"end":{"line":5,"column":31}},"5":{"start":{"line":6,"column":0},"end":{"line":6,"column":14}},"6":{"start":{"line":7,"column":0},"end":{"line":7,"column":13}},"7":{"start":{"line":8,"column":0},"end":{"line":8,"column":10}},"8":{"start":{"line":9,"column":0},"end":{"line":9,"column":13}},"9":{"start":{"line":10,"column":0},"end":{"line":10,"column":15}},"10":{"start":{"line":11,"column":0},"end":{"line":11,"column":13}},"11":{"start":{"line":12,"column":0},"end":{"line":12,"column":0}},"12":{"start":{"line":13,"column":0},"end":{"line":13,"column":42}},"13":{"start":{"line":14,"column":0},"end":{"line":14,"column":17}},"14":{"start":{"line":15,"column":0},"end":{"line":15,"column":18}},"15":{"start":{"line":16,"column":0},"end":{"line":16,"column":25}},"16":{"start":{"line":17,"column":0},"end":{"line":17,"column":16}},"17":{"start":{"line":18,"column":0},"end":{"line":18,"column":15}},"18":{"start":{"line":19,"column":0},"end":{"line":19,"column":21}},"19":{"start":{"line":20,"column":0},"end":{"line":20,"column":1}},"20":{"start":{"line":21,"column":0},"end":{"line":21,"column":0}},"21":{"start":{"line":22,"column":0},"end":{"line":22,"column":34}},"22":{"start":{"line":23,"column":0},"end":{"line":23,"column":46}},"23":{"start":{"line":24,"column":0},"end":{"line":24,"column":0}},"24":{"start":{"line":25,"column":0},"end":{"line":25,"column":83}},"25":{"start":{"line":26,"column":0},"end":{"line":26,"column":44}},"26":{"start":{"line":27,"column":0},"end":{"line":27,"column":13}},"27":{"start":{"line":28,"column":0},"end":{"line":28,"column":29}},"28":{"start":{"line":29,"column":0},"end":{"line":29,"column":29}},"29":{"start":{"line":30,"column":0},"end":{"line":30,"column":25}},"30":{"star
[...]
umn":0},"end":{"line":117,"column":3}},"117":{"start":{"line":118,"column":0},"end":{"line":118,"column":0}},"118":{"start":{"line":119,"column":0},"end":{"line":119,"column":69}},"119":{"start":{"line":120,"column":0},"end":{"line":120,"column":41}},"120":{"start":{"line":121,"column":0},"end":{"line":121,"column":14}},"121":{"start":{"line":122,"column":0},"end":{"line":122,"column":42}},"122":{"start":{"line":123,"column":0},"end":{"line":123,"column":8}},"123":{"start":{"line":124,"column":0},"end":{"line":124,"column":7}},"124":{"start":{"line":125,"column":0},"end":{"line":125,"column":3}},"125":{"start":{"line":126,"column":0},"end":{"line":126,"column":0}},"126":{"start":{"line":127,"column":0},"end":{"line":127,"column":19}},"127":{"start":{"line":128,"column":0},"end":{"line":128,"column":19}},"128":{"start":{"line":129,"column":0},"end":{"line":129,"column":110}},"129":{"start":{"line":130,"column":0},"end":{"line":130,"column":20}},"130":{"start":{"line":131,"column":0},"end":{"line":131,"column":36}},"131":{"start":{"line":132,"column":0},"end":{"line":132,"column":28}},"132":{"start":{"line":133,"column":0},"end":{"line":133,"column":11}},"133":{"start":{"line":134,"column":0},"end":{"line":134,"column":7}},"134":{"start":{"line":135,"column":0},"end":{"line":135,"column":3}},"135":{"start":{"line":136,"column":0},"end":{"line":136,"column":0}},"136":{"start":{"line":137,"column":0},"end":{"line":137,"column":51}},"137":{"start":{"line":138,"column":0},"end":{"line":138,"column":35}},"138":{"start":{"line":139,"column":0},"end":{"line":139,"column":28}},"139":{"start":{"line":140,"column":0},"end":{"line":140,"column":7}},"140":{"start":{"line":141,"column":0},"end":{"line":141,"column":3}},"141":{"start":{"line":142,"column":0},"end":{"line":142,"column":1}}},"s":{"0":1,"1":1,"2":1,"3":1,"4":1,"5":1,"6":1,"7":1,"8":1,"9":1,"10":1,"11":1,"12":1,"13":1,"14":1,"15":1,"16":1,"17":1,"18":1,"19":1,"20":1,"21":1,"22":1,"23":1,"24":1,"25":1,"26":1,"27":1,"28":1,"29":1,"30":1,"31":1,"32":1,"33":1,"34":1,"35":1,"36":1,"37":1,"38":1,"39":1,"40":1,"41":1,"42":1,"43":1,"44":1,"45":1,"46":1,"47":1,"48":1,"49":1,"50":1,"51":1,"52":1,"53":1,"54":1,"55":1,"56":1,"57":1,"58":2,"59":2,"60":2,"61":2,"62":2,"63":2,"64":2,"65":2,"66":2,"67":2,"68":1,"69":1,"70":2,"71":2,"72":2,"73":2,"74":2,"75":0,"76":0,"77":2,"78":2,"79":2,"80":1,"81":1,"82":1,"83":1,"84":1,"85":1,"86":1,"87":1,"88":1,"89":2,"90":1,"91":1,"92":4,"93":4,"94":4,"95":4,"96":4,"97":4,"98":4,"99":4,"100":4,"101":1,"102":1,"103":3,"104":4,"105":2,"106":2,"107":1,"108":1,"109":1,"110":1,"111":1,"112":1,"113":1,"114":1,"115":1,"116":4,"117":1,"118":1,"119":1,"120":1,"121":1,"122":1,"123":1,"124":1,"125":1,"126":1,"127":1,"128":1,"129":1,"130":1,"131":1,"132":1,"133":1,"134":1,"135":1,"136":1,"137":1,"138":1,"139":1,"140":1,"141":1},"branchMap":{"0":{"type":"branch","line":15,"loc":{"start":{"line":15,"column":2},"end":{"line":15,"column":46}},"locations":[{"start":{"line":15,"column":2},"end":{"line":15,"column":46}}]},"1":{"type":"branch","line":17,"loc":{"start":{"line":17,"column":2},"end":{"line":49,"column":3}},"locations":[{"start":{"line":17,"column":2},"end":{"line":49,"column":3}}]},"2":{"type":"branch","line":51,"loc":{"start":{"line":51,"column":2},"end":{"line":56,"column":3}},"locations":[{"start":{"line":51,"column":2},"end":{"line":56,"column":3}}]},"3":{"type":"branch","line":58,"loc":{"start":{"line":58,"column":2},"end":{"line":68,"column":3}},"locations":[{"start":{"line":58,"column":2},"end":{"line":68,"column":3}}]},"4":{"type":"branch","line":70,"loc":{"start":{"line":70,"column":2},"end":{"line":90,"column":3}},"locations":[{"start":{"line":70,"column":2},"end":{"line":90,"column":3}}]},"5":{"type":"branch","line":75,"loc":{"start":{"line":75,"column":15},"end":{"line":77,"column":5}},"locations":[{"start":{"line":75,"column":15},"end":{"line":77,"column":5}}]},"6":{"type":"branch","line":79,"loc":{"start":{"line":79,"column":67},"end":{"line":79,"column":75}},"locations":[{"start":{"line":79,"column":67},"end":{"line":79,"column":75}}]},"7":{"type":"branch","line":80,"loc":{"start":{"line":80,"column":49},"end":{"line":89,"column":7}},"locations":[{"start":{"line":80,"column":49},"end":{"line":89,"column":7}}]},"8":{"type":"branch","line":92,"loc":{"start":{"line":92,"column":2},"end":{"line":117,"column":3}},"locations":[{"start":{"line":92,"column":2},"end":{"line":117,"column":3}}]},"9":{"type":"branch","line":101,"loc":{"start":{"line":101,"column":15},"end":{"line":103,"column":5}},"locations":[{"start":{"line":101,"column":15},"end":{"line":103,"column":5}}]},"10":{"type":"branch","line":103,"loc":{"start":{"line":103,"column":4},"end":{"line":105,"column":39}},"locations":[{"start":{"line":103,"column":4},"end":{"line":105,"column":39}}]},"11":{"type":"branch","line":105,"loc":{"start":{"line":105,"column":24},"end":{"line":105,"column":68}},"locations":[{"start":{"line":105,"column":24},"end":{"line":105,"column":68}}]},"12":{"type":"branch","line":105,"loc":{"start":{"line":105,"column":68},"end":{"line":107,"column":5}},"locations":[{"start":{"line":105,"column":68},"end":{"line":107,"column":5}}]},"13":{"type":"branch","line":107,"loc":{"start":{"line":107,"column":4},"end":{"line":116,"column":7}},"locations":[{"start":{"line":107,"column":4},"end":{"line":116,"column":7}}]},"14":{"type":"branch","line":119,"loc":{"start":{"line":119,"column":2},"end":{"line":125,"column":3}},"locations":[{"start":{"line":119,"column":2},"end":{"line":125,"column":3}}]},"15":{"type":"branch","line":127,"loc":{"start":{"line":127,"column":2},"end":{"line":135,"column":3}},"locations":[{"start":{"line":127,"column":2},"end":{"line":135,"column":3}}]},"16":{"type":"branch","line":137,"loc":{"start":{"line":137,"column":2},"end":{"line":141,"column":3}},"locations":[{"start":{"line":137,"column":2},"end":{"line":141,"column":3}}]}},"b":{"0":[13],"1":[1],"2":[1],"3":[2],"4":[2],"5":[0],"6":[0],"7":[1],"8":[4],"9":[1],"10":[3],"11":[2],"12":[2],"13":[1],"14":[1],"15":[1],"16":[1]},"fnMap":{"0":{"name":"TripService","decl":{"start":{"line":15,"column":2},"end":{"line":15,"column":46}},"loc":{"start":{"line":15,"column":2},"end":{"line":15,"column":46}},"line":15},"1":{"name":"createTrip","decl":{"start":{"line":17,"column":2},"end":{"line":49,"column":3}},"loc":{"start":{"line":17,"column":2},"end":{"line":49,"column":3}},"line":17},"2":{"name":"getUserTrips","decl":{"start":{"line":51,"column":2},"end":{"line":56,"column":3}},"loc":{"start":{"line":51,"column":2},"end":{"line":56,"column":3}},"line":51},"3":{"name":"getTripById","decl":{"start":{"line":58,"column":2},"end":{"line":68,"column":3}},"loc":{"start":{"line":58,"column":2},"end":{"line":68,"column":3}},"line":58},"4":{"name":"changeStatus","decl":{"start":{"line":70,"column":2},"end":{"line":90,"column":3}},"loc":{"start":{"line":70,"column":2},"end":{"line":90,"column":3}},"line":70},"5":{"name":"addMember","decl":{"start":{"line":92,"column":2},"end":{"line":117,"column":3}},"loc":{"start":{"line":92,"column":2},"end":{"line":117,"column":3}},"line":92},"6":{"name":"removeMember","decl":{"start":{"line":119,"column":2},"end":{"line":125,"column":3}},"loc":{"start":{"line":119,"column":2},"end":{"line":125,"column":3}},"line":119},"7":{"name":"updateTrip","decl":{"start":{"line":127,"column":2},"end":{"line":135,"column":3}},"loc":{"start":{"line":127,"column":2},"end":{"line":135,"column":3}},"line":127},"8":{"name":"deleteTrip","decl":{"start":{"line":137,"column":2},"end":{"line":141,"column":3}},"loc":{"start":{"line":137,"column":2},"end":{"line":141,"column":3}},"line":137}},"f":{"0":13,"1":1,"2":1,"3":2,"4":2,"5":4,"6":1,"7":1,"8":1}}
,"/home/i4ybrid/development/trip-planner/backend/src/services/user.service.ts": {"path":"/home/i4ybrid/development/trip-planner/backend/src/services/user.service.ts","all":false,"statementMap":{"0":{"start":{"line":1,"column":0},"end":{"line":1,"column":52}},"1":{"start":{"line":2,"column":0},"end":{"line":2,"column":0}},"2":{"start":{"line":3,"column":0},"end":{"line":3,"column":21}},"3":{"start":{"line":4,"column":0},"end":{"line":4,"column":0}},"4":{"start":{"line":5,"column":0},"end":{"line":5,"column":34}},"5":{"start":{"line":6,"column":0},"end":{"line":6,"column":16}},"6":{"start":{"line":7,"column":0},"end":{"line":7,"column":15}},"7":{"start":{"line":8,"column":0},"end":{"line":8,"column":21}},"8":{"start":{"line":9,"column":0},"end":{"line":9,"column":17}},"9":{"start":{"line":10,"column":0},"end":{"line":10,"column":1}},"10":{"start":{"line":11,"column":0},"end":{"line":11,"column":0}},"11":{"start":{"line":12,"column":0},"end":{"line":12,"column":34}},"12":{"start":{"line":13,"column":0},"end":{"line":13,"column":16}},"13":{"start":{"line":14,"column":0},"end":{"line":14,"column":21}},"14":{"start":{"line":15,"column":0},"end":{"line":15,"column":17}},"15":{"start":{"line":16,"column":0},"end":{"line":16,"column":17}},"16":{"start":{"line":17,"column":0},"end":{"line":17,"column":18}},"17":{"start":{"line":18,"column":0},"end":{"line":18,"column":17}},"18":{"start":{"line":19,"column":0},"end":{"line":19,"column":1}},"19":{"start":{"line":20,"column":0},"end":{"line":20,"column":0}},"20":{"start":{"line":21,"column":0},"end":{"line":21,"column":26}},"21":{"start":{"line":22,"column":0},"end":{"line":22,"column":46}},"22":{"start":{"line":23,"column":0},"end":{"line":23,"column":0}},"23":{"start":{"line":24,"column":0},"end":{"line":24,"column":58}},"24":{"start":{"line":25,"column":0},"end":{"line":25,"column":36}},"25":{"start":{"line":26,"column":0},"end":{"line":26,"column":13}},"26":{"start":{"line":27,"column":0},"end":{"line":27,"column":26}},"27":{"start":{"line":28,"column":0},"end":{"line":28,"column":24}},"28":{"start":{"line":29,"column":0},"end":{"line":29,"column":34}},"29":{"start":{"line":30,"column":0},"end":{"line":30,"column":26}},"30":{"start":{"line":31,"column":0},"end":{"line":31,"column":8}},"31":{"start":{"line":32,"column":0},"end":{"line":32,"column":7}},"32":{"start":{"line":33,"column":0},"end":{"line":33,"column":3}},"33":{"start":{"line":34,"column":0},"end":{"line":34,"column":0}},"34":{"start":{"line":35,"column":0},"end":{"line":35,"column":59}},"35":{"start":{"line":36,"column":0},"end":{"line":36,"column":40}},"36":{"start":{"line":37,"column":0},"end":{"line":37,"column":28}},"37":{"start":{"line":38,"column":0},"end":{"line":38,"column":7}},"38":{"start":{"line":39,"column":0},"end":{"line":39,"column":3}},"39":{"start":{"line":40,"column":0},"end":{"line":40,"column":0}},"40":{"start":{"line":41,"column":0},"end":{"line":41,"column":61}},"41":{"start":{"line":42,"column":0},"end":{"line":42,"column":40}},"42":{"start":{"line":43,"column":0},"end":{"line":43,"column":23}},"43":{"start":{"line":44,"column":0},"end":{"line":44,"column":7}},"44":{"start":{"line":45,"column":0},"end":{"line":45,"column":3}},"45":{"start":{"line":46,"column":0},"end":{"line":46,"column":0}},"46":{"start":{"line":47,"column":0},"end":{"line":47,"column":59}},"47":{"start":{"line":48,"column":0},"end":{"line":48,"column":38}},"48":{"start":{"line":49,"column":0},"end":{"line":49,"column":37}},"49":{"start":{"line":50,"column":0},"end":{"line":50,"column":7}},"50":{"start":{"line":51,"column":0},"end":{"line":51,"column":3}},"51":{"start":{"line":52,"column":0},"end":{"line":52,"column":0}},"52":{"start":{"line":53,"column":0},"end":{"line":53,"column":74}},"53":{"start":{"line":54,"column":0},"end":{"line":54,"column":36}},"54":{"start":{"line":55,"column":0},"end":{"line":55,"column":28}},"55":{"start":{"line":56,"column":0},"end":{"line":56,"column":11}},"56":{"start":{"line":57,"column":0},"end":{"line":57,"column":7}},"57":{"start":{"line":58,"column":0},"end":{"line":58,"column":3}},"58":{"start":{"line":59,"column":0},"end":{"line":59,"column":0}},"59":{"start":{"line":60,"column":0},"end":{"line":60,"column":51}},"60":{"start":{"line":61,"column":0},"end":{"line":61,"column":35}},"61":{"start":{"line":62,"column":0},"end":{"line":62,"column":28}},"62":{"start":{"line":63,"column":0},"end":{"line":63,"column":7}},"63":{"start":{"line":64,"column":0},"end":{"line":64,"column":3}},"64":{"start":{"line":65,"column":0},"end":{"line":65,"column":0}},"65":{"start":{"line":66,"column":0},"end":{"line":66,"column":53}},"66":{"start":{"line":67,"column":0},"end":{"line":67,"column":38}},"67":{"start":{"line":68,"column":0},"end":{"line":68,"column":14}},"68":{"start":{"line":69,"column":0},"end":{"line":69,"column":13}},"69":{"start":{"line":70,"column":0},"end":{"line":70,"column":61}},"70":{"start":{"line":71,"column":0},"end":{"line":71,"column":62}},"71":{"start":{"line":72,"column":0},"end":{"line":72,"column":10}},"72":{"start":{"line":73,"column":0},"end":{"line":73,"column":8}},"73":{"start":{"line":74,"column":0},"end":{"line":74,"column":15}},"74":{"start":{"line":75,"column":0},"end":{"line":75,"column":7}},"75":{"start":{"line":76,"column":0},"end":{"line":76,"column":3}},"76":{"start":{"line":77,"column":0},"end":{"line":77,"column":0}},"77":{"start":{"line":78,"column":0},"end":{"line":78,"column":53}},"78":{"start":{"line":79,"column":0},"end":{"line":79,"column":63}},"79":{"start":{"line":80,"column":0},"end":{"line":80,"column":14}},"80":{"start":{"line":81,"column":0},"end":{"line":81,"column":15}},"81":{"start":{"line":82,"column":0},"end":{"line":82,"column":28}},"82":{"start":{"line":83,"column":0},"end":{"line":83,"column":8}},"83":{"start":{"line":84,"column":0},"end":{"line":84,"column":16}},"84":{"start":{"line":85,"column":0},"end":{"line":85,"column":15}},"85":{"start":{"line":86,"column":0},"end":{"line":86,"column":20}},"86":{"start":{"line":87,"column":0},"end":{"line":87,"column":22}},"87":{"start":{"line":88,"column":0},"end":{"line":88,"column":22}},"88":{"start":{"line":89,"column":0},"end":{"line":89,"column":36}},"89":{"start":{"line":90,"column":0},"end":{"line":90,"column":40}},"90":{"start":{"line":91,"column":0},"end":{"line":91,"column":16}},"91":{"start":{"line":92,"column":0},"end":{"line":92,"column":24}},"92":{"start":{"line":93,"column":0},"end":{"line":93,"column":27}},"93":{"start":{"line":94,"column":0},"end":{"line":94,"column":16}},"94":{"start":{"line":95,"column":0},"end":{"line":95,"column":14}},"95":{"start":{"line":96,"column":0},"end":{"line":96,"column":12}},"96":{"start":{"line":97,"column":0},"end":{"line":97,"column":10}},"97":{"start":{"line":98,"column":0},"end":{"line":98,"column":8}},"98":{"start":{"line":99,"column":0},"end":{"line":99,"column":7}},"99":{"start":{"line":100,"column":0},"end":{"line":100,"column":0}},"100":{"start":{"line":101,"column":0},"end":{"line":101,"column":40}},"101":{"start":{"line":102,"column":0},"end":{"line":102,"column":32}},"102":{"start":{"line":103,"column":0},"end":{"line":103,"column":38}},"103":{"start":{"line":104,"column":0},"end":{"line":104,"column":33}},"104":{"start":{"line":105,"column":0},"end":{"line":105,"column":9}},"105":{"start":{"line":106,"column":0},"end":{"line":106,"column":7}},"106":{"start":{"line":107,"column":0},"end":{"line":107,"column":0}},"107":{"start":{"line":108,"column":0},"end":{"line":108,"column":38}},"108":{"start":{"line":109,"column":0},"end":{"line":109,"column":51}},"109":{"start":{"line":110,"column":0},"end":{"line":110,"column":7}},"110":{"start":{"line":111,"column":0},"end":{"line":111,"column":3}},"111":{"start":{"line":112,"column":0},"end":{"line":112,"column":1}}},"s":{"0":1,"1":1,"2":1,"3":1,"4":1,"5":1,"6":1,"7":1,"8":1,"9":1,"10":1,"11":1,"12":1,"13":1,"14":1,"15":1,"16":1,"17":1,"18":1,"19":1,"20":1,"21":1,"22":1,"23":1,"24":1,"25":1,"26":1,"27":1,"28":1,"29":1,"30":1,"31":1,"32":1,"33":1,"34":1,"35":2,"36":2,"37":2,"38":2,"39":1,"40":1,"41":1,"42":1,"43":1,"44":1,"45":1,"46":1,"47":2,"48":2,"49":2,"50":2,"51":1,"52":1,"53":1,"54":1,"55":1,"56":1,"57":1,"58":1,"59":1,"60":1,"61":1,"62":1,"63":1,"64":1,"65":1,"66":1,"67":1,"68":1,"69":1,"70":1,"71":1,"72":1,"73":1,"74":1,"75":1,"76":1,"77":1,"78":3,"79":3,"80":3,"81":3,"82":3,"83":3,"84":3,"85":3,"86":3,"87":3,"88":3,"89":3,"90":3,"91":3,"92":3,"93":3,"94":3,"95":3,"96":3,"97":3,"98":3,"99":3,"100":3,"101":3,"102":2,"103":4,"104":2,"105":3,"106":3,"107":3,"108":3,"109":3,"110":3,"111":1},"branchMap":{"0":{"type":"branch","line":22,"loc":{"start":{"line":22,"column":2},"end":{"line":22,"column":46}},"locations":[{"start":{"line":22,"column":2},"end":{"line":22,"column":46}}]},"1":{"type":"branch","line":24,"loc":{"start":{"line":24,"column":2},"end":{"line":33,"column":3}},"locations":[{"start":{"line":24,"column":2},"end":{"line":33,"column":3}}]},"2":{"type":"branch","line":35,"loc":{"start":{"line":35,"column":2},"end":{"line":39,"column":3}},"locations":[{"start":{"line":35,"column":2},"end":{"line":39,"column":3}}]},"3":{"type":"branch","line":41,"loc":{"start":{"line":41,"column":2},"end":{"line":45,"column":3}},"locations":[{"start":{"line":41,"column":2},"end":{"line":45,"column":3}}]},"4":{"type":"branch","line":47,"loc":{"start":{"line":47,"column":2},"end":{"line":51,"column":3}},"locations":[{"start":{"line":47,"column":2},"end":{"line":51,"column":3}}]},"5":{"type":"branch","line":53,"loc":{"start":{"line":53,"column":2},"end":{"line":58,"column":3}},"locations":[{"start":{"line":53,"column":2},"end":{"line":58,"column":3}}]},"6":{"type":"branch","line":60,"loc":{"start":{"line":60,"column":2},"end":{"line":64,"column":3}},"locations":[{"start":{"line":60,"column":2},"end":{"line":64,"column":3}}]},"7":{"type":"branch","line":66,"loc":{"start":{"line":66,"column":2},"end":{"line":76,"column":3}},"locations":[{"start":{"line":66,"column":2},"end":{"line":76,"column":3}}]},"8":{"type":"branch","line":78,"loc":{"start":{"line":78,"column":2},"end":{"line":111,"column":3}},"locations":[{"start":{"line":78,"column":2},"end":{"line":111,"column":3}}]},"9":{"type":"branch","line":102,"loc":{"start":{"line":102,"column":24},"end":{"line":106,"column":5}},"locations":[{"start":{"line":102,"column":24},"end":{"line":106,"column":5}}]},"10":{"type":"branch","line":103,"loc":{"start":{"line":103,"column":29},"end":{"line":105,"column":7}},"locations":[{"start":{"line":103,"column":29},"end":{"line":105,"column":7}}]}},"b":{"0":[12],"1":[1],"2":[2],"3":[1],"4":[2],"5":[1],"6":[1],"7":[1],"8":[3],"9":[2],"10":[4]},"fnMap":{"0":{"name":"UserService","decl":{"start":{"line":22,"column":2},"end":{"line":22,"column":46}},"loc":{"start":{"line":22,"column":2},"end":{"line":22,"column":46}},"line":22},"1":{"name":"createUser","decl":{"start":{"line":24,"column":2},"end":{"line":33,"column":3}},"loc":{"start":{"line":24,"column":2},"end":{"line":33,"column":3}},"line":24},"2":{"name":"getUserById","decl":{"start":{"line":35,"column":2},"end":{"line":39,"column":3}},"loc":{"start":{"line":35,"column":2},"end":{"line":39,"column":3}},"line":35},"3":{"name":"getUserByEmail","decl":{"start":{"line":41,"column":2},"end":{"line":45,"column":3}},"loc":{"start":{"line":41,"column":2},"end":{"line":45,"column":3}},"line":41},"4":{"name":"getUsersByIds","decl":{"start":{"line":47,"column":2},"end":{"line":51,"column":3}},"loc":{"start":{"line":47,"column":2},"end":{"line":51,"column":3}},"line":47},"5":{"name":"updateUser","decl":{"start":{"line":53,"column":2},"end":{"line":58,"column":3}},"loc":{"start":{"line":53,"column":2},"end":{"line":58,"column":3}},"line":53},"6":{"name":"deleteUser","decl":{"start":{"line":60,"column":2},"end":{"line":64,"column":3}},"loc":{"start":{"line":60,"column":2},"end":{"line":64,"column":3}},"line":60},"7":{"name":"searchUsers","decl":{"start":{"line":66,"column":2},"end":{"line":76,"column":3}},"loc":{"start":{"line":66,"column":2},"end":{"line":76,"column":3}},"line":66},"8":{"name":"getFriends","decl":{"start":{"line":78,"column":2},"end":{"line":111,"column":3}},"loc":{"start":{"line":78,"column":2},"end":{"line":111,"column":3}},"line":78}},"f":{"0":12,"1":1,"2":2,"3":1,"4":2,"5":1,"6":1,"7":1,"8":3}}
}
